{"C:\\Users\\v-nbayonne\\meuble-de-france-chatbot\\frontend\\src\\App.jsx": {"path":"C:\\Users\\v-nbayonne\\meuble-de-france-chatbot\\frontend\\src\\App.jsx","statementMap":{"0":{"start":{"line":8,"column":36},"end":{"line":8,"column":null}},"1":{"start":{"line":10,"column":2},"end":{"line":68,"column":null}},"2":{"start":{"line":17,"column":29},"end":{"line":17,"column":null}},"3":{"start":{"line":29,"column":29},"end":{"line":29,"column":null}},"4":{"start":{"line":41,"column":29},"end":{"line":41,"column":null}}},"fnMap":{"0":{"name":"App","decl":{"start":{"line":7,"column":9},"end":{"line":7,"column":15}},"loc":{"start":{"line":7,"column":15},"end":{"line":70,"column":null}},"line":7},"1":{"name":"(anonymous_1)","decl":{"start":{"line":17,"column":23},"end":{"line":17,"column":29}},"loc":{"start":{"line":17,"column":29},"end":{"line":17,"column":null}},"line":17},"2":{"name":"(anonymous_2)","decl":{"start":{"line":29,"column":23},"end":{"line":29,"column":29}},"loc":{"start":{"line":29,"column":29},"end":{"line":29,"column":null}},"line":29},"3":{"name":"(anonymous_3)","decl":{"start":{"line":41,"column":23},"end":{"line":41,"column":29}},"loc":{"start":{"line":41,"column":29},"end":{"line":41,"column":null}},"line":41}},"branchMap":{"0":{"loc":{"start":{"line":19,"column":16},"end":{"line":21,"column":null}},"type":"cond-expr","locations":[{"start":{"line":20,"column":20},"end":{"line":20,"column":null}},{"start":{"line":21,"column":20},"end":{"line":21,"column":null}}],"line":19},"1":{"loc":{"start":{"line":31,"column":16},"end":{"line":33,"column":null}},"type":"cond-expr","locations":[{"start":{"line":32,"column":20},"end":{"line":32,"column":null}},{"start":{"line":33,"column":20},"end":{"line":33,"column":null}}],"line":31},"2":{"loc":{"start":{"line":43,"column":16},"end":{"line":45,"column":null}},"type":"cond-expr","locations":[{"start":{"line":44,"column":20},"end":{"line":44,"column":null}},{"start":{"line":45,"column":20},"end":{"line":45,"column":null}}],"line":43},"3":{"loc":{"start":{"line":58,"column":24},"end":{"line":58,"column":null}},"type":"cond-expr","locations":[{"start":{"line":58,"column":49},"end":{"line":58,"column":60}},{"start":{"line":58,"column":60},"end":{"line":58,"column":null}}],"line":58},"4":{"loc":{"start":{"line":61,"column":24},"end":{"line":61,"column":null}},"type":"cond-expr","locations":[{"start":{"line":61,"column":50},"end":{"line":61,"column":61}},{"start":{"line":61,"column":61},"end":{"line":61,"column":null}}],"line":61},"5":{"loc":{"start":{"line":64,"column":24},"end":{"line":64,"column":null}},"type":"cond-expr","locations":[{"start":{"line":64,"column":54},"end":{"line":64,"column":65}},{"start":{"line":64,"column":65},"end":{"line":64,"column":null}}],"line":64}},"s":{"0":22,"1":22,"2":2,"3":1,"4":5},"f":{"0":22,"1":2,"2":1,"3":5},"b":{"0":[15,6],"1":[1,20],"2":[5,16],"3":[15,6],"4":[1,20],"5":[5,16]},"meta":{"lastBranch":6,"lastFunction":4,"lastStatement":5,"seen":{"f:7:9:7:15":0,"s:8:36:8:Infinity":0,"s:10:2:68:Infinity":1,"f:17:23:17:29":1,"s:17:29:17:Infinity":2,"b:20:20:20:Infinity:21:20:21:Infinity":0,"f:29:23:29:29":2,"s:29:29:29:Infinity":3,"b:32:20:32:Infinity:33:20:33:Infinity":1,"f:41:23:41:29":3,"s:41:29:41:Infinity":4,"b:44:20:44:Infinity:45:20:45:Infinity":2,"b:58:49:58:60:58:60:58:Infinity":3,"b:61:50:61:61:61:61:61:Infinity":4,"b:64:54:64:65:64:65:64:Infinity":5}}}
,"C:\\Users\\v-nbayonne\\meuble-de-france-chatbot\\frontend\\src\\components\\ChatInterface.jsx": {"path":"C:\\Users\\v-nbayonne\\meuble-de-france-chatbot\\frontend\\src\\components\\ChatInterface.jsx","statementMap":{"0":{"start":{"line":6,"column":16},"end":{"line":6,"column":null}},"1":{"start":{"line":9,"column":0},"end":{"line":11,"column":null}},"2":{"start":{"line":10,"column":2},"end":{"line":10,"column":null}},"3":{"start":{"line":13,"column":22},"end":{"line":957,"column":null}},"4":{"start":{"line":14,"column":30},"end":{"line":14,"column":null}},"5":{"start":{"line":15,"column":38},"end":{"line":15,"column":null}},"6":{"start":{"line":16,"column":30},"end":{"line":16,"column":null}},"7":{"start":{"line":17,"column":40},"end":{"line":17,"column":null}},"8":{"start":{"line":18,"column":18},"end":{"line":18,"column":null}},"9":{"start":{"line":18,"column":37},"end":{"line":18,"column":56}},"10":{"start":{"line":19,"column":36},"end":{"line":19,"column":null}},"11":{"start":{"line":20,"column":46},"end":{"line":20,"column":null}},"12":{"start":{"line":21,"column":34},"end":{"line":21,"column":null}},"13":{"start":{"line":22,"column":44},"end":{"line":22,"column":null}},"14":{"start":{"line":23,"column":34},"end":{"line":23,"column":null}},"15":{"start":{"line":24,"column":40},"end":{"line":24,"column":null}},"16":{"start":{"line":25,"column":8},"end":{"line":25,"column":null}},"17":{"start":{"line":26,"column":8},"end":{"line":26,"column":null}},"18":{"start":{"line":27,"column":8},"end":{"line":27,"column":null}},"19":{"start":{"line":28,"column":8},"end":{"line":28,"column":null}},"20":{"start":{"line":29,"column":8},"end":{"line":29,"column":null}},"21":{"start":{"line":32,"column":2},"end":{"line":52,"column":null}},"22":{"start":{"line":33,"column":27},"end":{"line":33,"column":null}},"23":{"start":{"line":39,"column":4},"end":{"line":43,"column":null}},"24":{"start":{"line":46,"column":4},"end":{"line":51,"column":null}},"25":{"start":{"line":47,"column":6},"end":{"line":50,"column":null}},"26":{"start":{"line":48,"column":29},"end":{"line":48,"column":null}},"27":{"start":{"line":49,"column":8},"end":{"line":49,"column":null}},"28":{"start":{"line":55,"column":2},"end":{"line":57,"column":null}},"29":{"start":{"line":56,"column":4},"end":{"line":56,"column":null}},"30":{"start":{"line":60,"column":2},"end":{"line":168,"column":null}},"31":{"start":{"line":61,"column":30},"end":{"line":61,"column":null}},"32":{"start":{"line":63,"column":4},"end":{"line":67,"column":null}},"33":{"start":{"line":64,"column":6},"end":{"line":64,"column":null}},"34":{"start":{"line":65,"column":6},"end":{"line":65,"column":null}},"35":{"start":{"line":66,"column":6},"end":{"line":66,"column":null}},"36":{"start":{"line":69,"column":4},"end":{"line":69,"column":null}},"37":{"start":{"line":70,"column":24},"end":{"line":70,"column":null}},"38":{"start":{"line":73,"column":4},"end":{"line":73,"column":null}},"39":{"start":{"line":74,"column":4},"end":{"line":74,"column":null}},"40":{"start":{"line":75,"column":4},"end":{"line":75,"column":null}},"41":{"start":{"line":76,"column":4},"end":{"line":76,"column":null}},"42":{"start":{"line":79,"column":4},"end":{"line":106,"column":null}},"43":{"start":{"line":80,"column":30},"end":{"line":80,"column":null}},"44":{"start":{"line":81,"column":28},"end":{"line":81,"column":null}},"45":{"start":{"line":83,"column":6},"end":{"line":90,"column":null}},"46":{"start":{"line":83,"column":19},"end":{"line":83,"column":38}},"47":{"start":{"line":84,"column":32},"end":{"line":84,"column":null}},"48":{"start":{"line":85,"column":8},"end":{"line":89,"column":null}},"49":{"start":{"line":86,"column":10},"end":{"line":86,"column":null}},"50":{"start":{"line":88,"column":10},"end":{"line":88,"column":null}},"51":{"start":{"line":93,"column":6},"end":{"line":95,"column":null}},"52":{"start":{"line":94,"column":8},"end":{"line":94,"column":null}},"53":{"start":{"line":98,"column":6},"end":{"line":105,"column":null}},"54":{"start":{"line":99,"column":8},"end":{"line":103,"column":null}},"55":{"start":{"line":100,"column":26},"end":{"line":100,"column":null}},"56":{"start":{"line":101,"column":26},"end":{"line":101,"column":null}},"57":{"start":{"line":102,"column":10},"end":{"line":102,"column":null}},"58":{"start":{"line":104,"column":8},"end":{"line":104,"column":null}},"59":{"start":{"line":109,"column":4},"end":{"line":126,"column":null}},"60":{"start":{"line":110,"column":6},"end":{"line":110,"column":null}},"61":{"start":{"line":113,"column":6},"end":{"line":121,"column":null}},"62":{"start":{"line":114,"column":8},"end":{"line":114,"column":null}},"63":{"start":{"line":115,"column":6},"end":{"line":121,"column":null}},"64":{"start":{"line":116,"column":8},"end":{"line":116,"column":null}},"65":{"start":{"line":117,"column":6},"end":{"line":121,"column":null}},"66":{"start":{"line":118,"column":8},"end":{"line":118,"column":null}},"67":{"start":{"line":120,"column":8},"end":{"line":120,"column":null}},"68":{"start":{"line":123,"column":6},"end":{"line":123,"column":null}},"69":{"start":{"line":124,"column":6},"end":{"line":124,"column":null}},"70":{"start":{"line":125,"column":6},"end":{"line":125,"column":null}},"71":{"start":{"line":129,"column":4},"end":{"line":147,"column":null}},"72":{"start":{"line":130,"column":6},"end":{"line":130,"column":null}},"73":{"start":{"line":133,"column":6},"end":{"line":146,"column":null}},"74":{"start":{"line":134,"column":8},"end":{"line":141,"column":null}},"75":{"start":{"line":135,"column":10},"end":{"line":135,"column":null}},"76":{"start":{"line":136,"column":10},"end":{"line":136,"column":null}},"77":{"start":{"line":138,"column":10},"end":{"line":138,"column":null}},"78":{"start":{"line":139,"column":10},"end":{"line":139,"column":null}},"79":{"start":{"line":140,"column":10},"end":{"line":140,"column":null}},"80":{"start":{"line":143,"column":8},"end":{"line":143,"column":null}},"81":{"start":{"line":144,"column":8},"end":{"line":144,"column":null}},"82":{"start":{"line":145,"column":8},"end":{"line":145,"column":null}},"83":{"start":{"line":150,"column":4},"end":{"line":154,"column":null}},"84":{"start":{"line":151,"column":6},"end":{"line":151,"column":null}},"85":{"start":{"line":152,"column":6},"end":{"line":152,"column":null}},"86":{"start":{"line":153,"column":6},"end":{"line":153,"column":null}},"87":{"start":{"line":156,"column":4},"end":{"line":156,"column":null}},"88":{"start":{"line":159,"column":4},"end":{"line":167,"column":null}},"89":{"start":{"line":160,"column":6},"end":{"line":166,"column":null}},"90":{"start":{"line":161,"column":8},"end":{"line":165,"column":null}},"91":{"start":{"line":162,"column":10},"end":{"line":162,"column":null}},"92":{"start":{"line":164,"column":10},"end":{"line":164,"column":null}},"93":{"start":{"line":171,"column":2},"end":{"line":185,"column":null}},"94":{"start":{"line":172,"column":4},"end":{"line":177,"column":null}},"95":{"start":{"line":173,"column":6},"end":{"line":173,"column":null}},"96":{"start":{"line":174,"column":6},"end":{"line":174,"column":null}},"97":{"start":{"line":176,"column":6},"end":{"line":176,"column":null}},"98":{"start":{"line":180,"column":4},"end":{"line":184,"column":null}},"99":{"start":{"line":181,"column":6},"end":{"line":183,"column":null}},"100":{"start":{"line":182,"column":8},"end":{"line":182,"column":null}},"101":{"start":{"line":188,"column":20},"end":{"line":236,"column":null}},"102":{"start":{"line":189,"column":4},"end":{"line":189,"column":null}},"103":{"start":{"line":189,"column":57},"end":{"line":189,"column":null}},"104":{"start":{"line":192,"column":4},"end":{"line":192,"column":null}},"105":{"start":{"line":195,"column":22},"end":{"line":201,"column":null}},"106":{"start":{"line":203,"column":22},"end":{"line":203,"column":null}},"107":{"start":{"line":206,"column":4},"end":{"line":206,"column":null}},"108":{"start":{"line":207,"column":4},"end":{"line":207,"column":null}},"109":{"start":{"line":208,"column":4},"end":{"line":208,"column":null}},"110":{"start":{"line":209,"column":4},"end":{"line":209,"column":null}},"111":{"start":{"line":212,"column":19},"end":{"line":212,"column":null}},"112":{"start":{"line":213,"column":24},"end":{"line":213,"column":null}},"113":{"start":{"line":213,"column":45},"end":{"line":213,"column":72}},"114":{"start":{"line":214,"column":4},"end":{"line":216,"column":null}},"115":{"start":{"line":215,"column":6},"end":{"line":215,"column":null}},"116":{"start":{"line":219,"column":4},"end":{"line":222,"column":null}},"117":{"start":{"line":220,"column":6},"end":{"line":220,"column":null}},"118":{"start":{"line":221,"column":6},"end":{"line":221,"column":null}},"119":{"start":{"line":224,"column":4},"end":{"line":227,"column":null}},"120":{"start":{"line":225,"column":6},"end":{"line":225,"column":null}},"121":{"start":{"line":226,"column":6},"end":{"line":226,"column":null}},"122":{"start":{"line":229,"column":4},"end":{"line":232,"column":null}},"123":{"start":{"line":230,"column":6},"end":{"line":230,"column":null}},"124":{"start":{"line":231,"column":6},"end":{"line":231,"column":null}},"125":{"start":{"line":235,"column":4},"end":{"line":235,"column":null}},"126":{"start":{"line":239,"column":23},"end":{"line":244,"column":null}},"127":{"start":{"line":240,"column":4},"end":{"line":243,"column":null}},"128":{"start":{"line":241,"column":6},"end":{"line":241,"column":null}},"129":{"start":{"line":242,"column":6},"end":{"line":242,"column":null}},"130":{"start":{"line":247,"column":23},"end":{"line":252,"column":null}},"131":{"start":{"line":248,"column":4},"end":{"line":250,"column":null}},"132":{"start":{"line":249,"column":6},"end":{"line":249,"column":null}},"133":{"start":{"line":251,"column":4},"end":{"line":251,"column":null}},"134":{"start":{"line":254,"column":22},"end":{"line":401,"column":null}},"135":{"start":{"line":255,"column":4},"end":{"line":255,"column":null}},"136":{"start":{"line":255,"column":60},"end":{"line":255,"column":null}},"137":{"start":{"line":258,"column":24},"end":{"line":263,"column":null}},"138":{"start":{"line":264,"column":4},"end":{"line":264,"column":null}},"139":{"start":{"line":264,"column":24},"end":{"line":264,"column":46}},"140":{"start":{"line":265,"column":4},"end":{"line":265,"column":null}},"141":{"start":{"line":266,"column":25},"end":{"line":266,"column":null}},"142":{"start":{"line":267,"column":4},"end":{"line":267,"column":null}},"143":{"start":{"line":268,"column":4},"end":{"line":268,"column":null}},"144":{"start":{"line":270,"column":4},"end":{"line":400,"column":null}},"145":{"start":{"line":273,"column":28},"end":{"line":273,"column":null}},"146":{"start":{"line":275,"column":23},"end":{"line":283,"column":null}},"147":{"start":{"line":281,"column":40},"end":{"line":281,"column":45}},"148":{"start":{"line":285,"column":6},"end":{"line":287,"column":null}},"149":{"start":{"line":286,"column":8},"end":{"line":286,"column":null}},"150":{"start":{"line":289,"column":19},"end":{"line":289,"column":null}},"151":{"start":{"line":292,"column":6},"end":{"line":362,"column":null}},"152":{"start":{"line":294,"column":31},"end":{"line":300,"column":null}},"153":{"start":{"line":301,"column":8},"end":{"line":301,"column":null}},"154":{"start":{"line":301,"column":28},"end":{"line":301,"column":53}},"155":{"start":{"line":302,"column":8},"end":{"line":302,"column":null}},"156":{"start":{"line":305,"column":8},"end":{"line":307,"column":null}},"157":{"start":{"line":306,"column":10},"end":{"line":306,"column":null}},"158":{"start":{"line":310,"column":8},"end":{"line":359,"column":null}},"159":{"start":{"line":311,"column":10},"end":{"line":311,"column":null}},"160":{"start":{"line":312,"column":10},"end":{"line":312,"column":null}},"161":{"start":{"line":315,"column":10},"end":{"line":322,"column":null}},"162":{"start":{"line":316,"column":12},"end":{"line":318,"column":null}},"163":{"start":{"line":319,"column":12},"end":{"line":319,"column":null}},"164":{"start":{"line":321,"column":12},"end":{"line":321,"column":null}},"165":{"start":{"line":325,"column":10},"end":{"line":358,"column":null}},"166":{"start":{"line":326,"column":35},"end":{"line":326,"column":null}},"167":{"start":{"line":353,"column":12},"end":{"line":357,"column":null}},"168":{"start":{"line":361,"column":8},"end":{"line":361,"column":null}},"169":{"start":{"line":365,"column":31},"end":{"line":372,"column":null}},"170":{"start":{"line":374,"column":6},"end":{"line":374,"column":null}},"171":{"start":{"line":374,"column":26},"end":{"line":374,"column":53}},"172":{"start":{"line":377,"column":6},"end":{"line":389,"column":null}},"173":{"start":{"line":378,"column":8},"end":{"line":378,"column":null}},"174":{"start":{"line":379,"column":8},"end":{"line":379,"column":null}},"175":{"start":{"line":383,"column":8},"end":{"line":388,"column":null}},"176":{"start":{"line":385,"column":10},"end":{"line":387,"column":null}},"177":{"start":{"line":386,"column":12},"end":{"line":386,"column":null}},"178":{"start":{"line":392,"column":6},"end":{"line":392,"column":null}},"179":{"start":{"line":393,"column":6},"end":{"line":397,"column":null}},"180":{"start":{"line":393,"column":26},"end":{"line":397,"column":8}},"181":{"start":{"line":399,"column":6},"end":{"line":399,"column":null}},"182":{"start":{"line":404,"column":30},"end":{"line":493,"column":null}},"183":{"start":{"line":405,"column":4},"end":{"line":405,"column":null}},"184":{"start":{"line":405,"column":24},"end":{"line":405,"column":null}},"185":{"start":{"line":407,"column":4},"end":{"line":407,"column":null}},"186":{"start":{"line":409,"column":4},"end":{"line":492,"column":null}},"187":{"start":{"line":411,"column":6},"end":{"line":433,"column":null}},"188":{"start":{"line":413,"column":8},"end":{"line":413,"column":null}},"189":{"start":{"line":415,"column":31},"end":{"line":420,"column":null}},"190":{"start":{"line":422,"column":8},"end":{"line":422,"column":null}},"191":{"start":{"line":422,"column":28},"end":{"line":422,"column":53}},"192":{"start":{"line":423,"column":8},"end":{"line":423,"column":null}},"193":{"start":{"line":426,"column":8},"end":{"line":430,"column":null}},"194":{"start":{"line":427,"column":10},"end":{"line":429,"column":null}},"195":{"start":{"line":428,"column":12},"end":{"line":428,"column":null}},"196":{"start":{"line":432,"column":8},"end":{"line":432,"column":null}},"197":{"start":{"line":436,"column":25},"end":{"line":438,"column":null}},"198":{"start":{"line":437,"column":20},"end":{"line":437,"column":85}},"199":{"start":{"line":441,"column":25},"end":{"line":441,"column":null}},"200":{"start":{"line":443,"column":23},"end":{"line":454,"column":null}},"201":{"start":{"line":456,"column":6},"end":{"line":458,"column":null}},"202":{"start":{"line":457,"column":8},"end":{"line":457,"column":null}},"203":{"start":{"line":460,"column":21},"end":{"line":460,"column":null}},"204":{"start":{"line":461,"column":6},"end":{"line":461,"column":null}},"205":{"start":{"line":464,"column":29},"end":{"line":469,"column":null}},"206":{"start":{"line":471,"column":6},"end":{"line":471,"column":null}},"207":{"start":{"line":471,"column":26},"end":{"line":471,"column":51}},"208":{"start":{"line":474,"column":6},"end":{"line":474,"column":null}},"209":{"start":{"line":477,"column":6},"end":{"line":481,"column":null}},"210":{"start":{"line":478,"column":8},"end":{"line":480,"column":null}},"211":{"start":{"line":479,"column":10},"end":{"line":479,"column":null}},"212":{"start":{"line":484,"column":6},"end":{"line":484,"column":null}},"213":{"start":{"line":485,"column":6},"end":{"line":489,"column":null}},"214":{"start":{"line":485,"column":26},"end":{"line":489,"column":8}},"215":{"start":{"line":491,"column":6},"end":{"line":491,"column":null}},"216":{"start":{"line":496,"column":29},"end":{"line":514,"column":null}},"217":{"start":{"line":497,"column":4},"end":{"line":497,"column":null}},"218":{"start":{"line":500,"column":26},"end":{"line":504,"column":null}},"219":{"start":{"line":506,"column":4},"end":{"line":506,"column":null}},"220":{"start":{"line":506,"column":24},"end":{"line":506,"column":48}},"221":{"start":{"line":509,"column":4},"end":{"line":513,"column":null}},"222":{"start":{"line":510,"column":6},"end":{"line":512,"column":null}},"223":{"start":{"line":511,"column":8},"end":{"line":511,"column":null}},"224":{"start":{"line":516,"column":27},"end":{"line":559,"column":null}},"225":{"start":{"line":517,"column":18},"end":{"line":517,"column":null}},"226":{"start":{"line":518,"column":4},"end":{"line":518,"column":null}},"227":{"start":{"line":518,"column":28},"end":{"line":518,"column":null}},"228":{"start":{"line":521,"column":23},"end":{"line":534,"column":null}},"229":{"start":{"line":522,"column":25},"end":{"line":522,"column":null}},"230":{"start":{"line":523,"column":22},"end":{"line":523,"column":null}},"231":{"start":{"line":525,"column":6},"end":{"line":528,"column":null}},"232":{"start":{"line":526,"column":8},"end":{"line":526,"column":null}},"233":{"start":{"line":527,"column":8},"end":{"line":527,"column":null}},"234":{"start":{"line":529,"column":6},"end":{"line":532,"column":null}},"235":{"start":{"line":530,"column":8},"end":{"line":530,"column":null}},"236":{"start":{"line":531,"column":8},"end":{"line":531,"column":null}},"237":{"start":{"line":533,"column":6},"end":{"line":533,"column":null}},"238":{"start":{"line":536,"column":4},"end":{"line":536,"column":null}},"239":{"start":{"line":536,"column":33},"end":{"line":536,"column":null}},"240":{"start":{"line":539,"column":21},"end":{"line":539,"column":null}},"241":{"start":{"line":540,"column":4},"end":{"line":540,"column":null}},"242":{"start":{"line":540,"column":31},"end":{"line":540,"column":61}},"243":{"start":{"line":542,"column":4},"end":{"line":558,"column":null}},"244":{"start":{"line":543,"column":23},"end":{"line":546,"column":null}},"245":{"start":{"line":548,"column":6},"end":{"line":550,"column":null}},"246":{"start":{"line":549,"column":8},"end":{"line":549,"column":null}},"247":{"start":{"line":552,"column":19},"end":{"line":552,"column":null}},"248":{"start":{"line":553,"column":6},"end":{"line":553,"column":null}},"249":{"start":{"line":553,"column":31},"end":{"line":553,"column":55}},"250":{"start":{"line":556,"column":6},"end":{"line":556,"column":null}},"251":{"start":{"line":557,"column":6},"end":{"line":557,"column":null}},"252":{"start":{"line":561,"column":21},"end":{"line":563,"column":null}},"253":{"start":{"line":562,"column":4},"end":{"line":562,"column":null}},"254":{"start":{"line":562,"column":29},"end":{"line":562,"column":63}},"255":{"start":{"line":562,"column":51},"end":{"line":562,"column":62}},"256":{"start":{"line":565,"column":25},"end":{"line":570,"column":null}},"257":{"start":{"line":566,"column":4},"end":{"line":569,"column":null}},"258":{"start":{"line":567,"column":6},"end":{"line":567,"column":null}},"259":{"start":{"line":568,"column":6},"end":{"line":568,"column":null}},"260":{"start":{"line":573,"column":31},"end":{"line":623,"column":null}},"261":{"start":{"line":574,"column":4},"end":{"line":577,"column":null}},"262":{"start":{"line":575,"column":6},"end":{"line":575,"column":null}},"263":{"start":{"line":576,"column":6},"end":{"line":576,"column":null}},"264":{"start":{"line":579,"column":4},"end":{"line":622,"column":null}},"265":{"start":{"line":581,"column":6},"end":{"line":591,"column":null}},"266":{"start":{"line":582,"column":8},"end":{"line":582,"column":null}},"267":{"start":{"line":583,"column":8},"end":{"line":583,"column":null}},"268":{"start":{"line":584,"column":8},"end":{"line":584,"column":null}},"269":{"start":{"line":585,"column":8},"end":{"line":585,"column":null}},"270":{"start":{"line":586,"column":8},"end":{"line":586,"column":null}},"271":{"start":{"line":588,"column":8},"end":{"line":588,"column":null}},"272":{"start":{"line":589,"column":8},"end":{"line":589,"column":null}},"273":{"start":{"line":590,"column":8},"end":{"line":590,"column":null}},"274":{"start":{"line":594,"column":6},"end":{"line":621,"column":null}},"275":{"start":{"line":595,"column":8},"end":{"line":595,"column":null}},"276":{"start":{"line":596,"column":8},"end":{"line":596,"column":null}},"277":{"start":{"line":597,"column":8},"end":{"line":597,"column":null}},"278":{"start":{"line":599,"column":8},"end":{"line":599,"column":null}},"279":{"start":{"line":602,"column":8},"end":{"line":618,"column":null}},"280":{"start":{"line":603,"column":10},"end":{"line":615,"column":null}},"281":{"start":{"line":604,"column":12},"end":{"line":604,"column":null}},"282":{"start":{"line":605,"column":12},"end":{"line":612,"column":null}},"283":{"start":{"line":606,"column":14},"end":{"line":611,"column":null}},"284":{"start":{"line":607,"column":16},"end":{"line":607,"column":null}},"285":{"start":{"line":609,"column":16},"end":{"line":609,"column":null}},"286":{"start":{"line":610,"column":16},"end":{"line":610,"column":null}},"287":{"start":{"line":614,"column":12},"end":{"line":614,"column":null}},"288":{"start":{"line":617,"column":10},"end":{"line":617,"column":null}},"289":{"start":{"line":619,"column":8},"end":{"line":619,"column":null}},"290":{"start":{"line":620,"column":8},"end":{"line":620,"column":null}},"291":{"start":{"line":625,"column":2},"end":{"line":955,"column":null}},"292":{"start":{"line":671,"column":10},"end":{"line":743,"column":null}},"293":{"start":{"line":704,"column":24},"end":{"line":716,"column":null}},"294":{"start":{"line":806,"column":14},"end":{"line":829,"column":null}},"295":{"start":{"line":821,"column":33},"end":{"line":821,"column":null}},"296":{"start":{"line":871,"column":27},"end":{"line":871,"column":null}},"297":{"start":{"line":915,"column":31},"end":{"line":915,"column":null}}},"fnMap":{"0":{"name":"(anonymous_0)","decl":{"start":{"line":13,"column":22},"end":{"line":13,"column":28}},"loc":{"start":{"line":13,"column":28},"end":{"line":957,"column":null}},"line":13},"1":{"name":"(anonymous_1)","decl":{"start":{"line":18,"column":31},"end":{"line":18,"column":37}},"loc":{"start":{"line":18,"column":37},"end":{"line":18,"column":56}},"line":18},"2":{"name":"(anonymous_2)","decl":{"start":{"line":32,"column":12},"end":{"line":32,"column":18}},"loc":{"start":{"line":32,"column":18},"end":{"line":52,"column":5}},"line":32},"3":{"name":"(anonymous_3)","decl":{"start":{"line":46,"column":15},"end":{"line":46,"column":21}},"loc":{"start":{"line":46,"column":21},"end":{"line":51,"column":7}},"line":46},"4":{"name":"(anonymous_4)","decl":{"start":{"line":55,"column":12},"end":{"line":55,"column":18}},"loc":{"start":{"line":55,"column":18},"end":{"line":57,"column":5}},"line":55},"5":{"name":"(anonymous_5)","decl":{"start":{"line":60,"column":12},"end":{"line":60,"column":18}},"loc":{"start":{"line":60,"column":18},"end":{"line":168,"column":5}},"line":60},"6":{"name":"(anonymous_6)","decl":{"start":{"line":79,"column":27},"end":{"line":79,"column":28}},"loc":{"start":{"line":79,"column":38},"end":{"line":106,"column":null}},"line":79},"7":{"name":"(anonymous_7)","decl":{"start":{"line":99,"column":24},"end":{"line":99,"column":32}},"loc":{"start":{"line":99,"column":32},"end":{"line":103,"column":9}},"line":99},"8":{"name":"(anonymous_8)","decl":{"start":{"line":109,"column":26},"end":{"line":109,"column":27}},"loc":{"start":{"line":109,"column":37},"end":{"line":126,"column":null}},"line":109},"9":{"name":"(anonymous_9)","decl":{"start":{"line":129,"column":24},"end":{"line":129,"column":30}},"loc":{"start":{"line":129,"column":30},"end":{"line":147,"column":null}},"line":129},"10":{"name":"(anonymous_10)","decl":{"start":{"line":150,"column":26},"end":{"line":150,"column":32}},"loc":{"start":{"line":150,"column":32},"end":{"line":154,"column":null}},"line":150},"11":{"name":"(anonymous_11)","decl":{"start":{"line":159,"column":11},"end":{"line":159,"column":17}},"loc":{"start":{"line":159,"column":17},"end":{"line":167,"column":null}},"line":159},"12":{"name":"(anonymous_12)","decl":{"start":{"line":171,"column":12},"end":{"line":171,"column":18}},"loc":{"start":{"line":171,"column":18},"end":{"line":185,"column":5}},"line":171},"13":{"name":"(anonymous_13)","decl":{"start":{"line":180,"column":11},"end":{"line":180,"column":17}},"loc":{"start":{"line":180,"column":17},"end":{"line":184,"column":null}},"line":180},"14":{"name":"(anonymous_14)","decl":{"start":{"line":188,"column":20},"end":{"line":188,"column":21}},"loc":{"start":{"line":188,"column":30},"end":{"line":236,"column":null}},"line":188},"15":{"name":"(anonymous_15)","decl":{"start":{"line":213,"column":36},"end":{"line":213,"column":45}},"loc":{"start":{"line":213,"column":45},"end":{"line":213,"column":72}},"line":213},"16":{"name":"(anonymous_16)","decl":{"start":{"line":219,"column":24},"end":{"line":219,"column":30}},"loc":{"start":{"line":219,"column":30},"end":{"line":222,"column":null}},"line":219},"17":{"name":"(anonymous_17)","decl":{"start":{"line":224,"column":22},"end":{"line":224,"column":28}},"loc":{"start":{"line":224,"column":28},"end":{"line":227,"column":null}},"line":224},"18":{"name":"(anonymous_18)","decl":{"start":{"line":229,"column":24},"end":{"line":229,"column":25}},"loc":{"start":{"line":229,"column":35},"end":{"line":232,"column":null}},"line":229},"19":{"name":"(anonymous_19)","decl":{"start":{"line":239,"column":23},"end":{"line":239,"column":29}},"loc":{"start":{"line":239,"column":29},"end":{"line":244,"column":null}},"line":239},"20":{"name":"(anonymous_20)","decl":{"start":{"line":247,"column":23},"end":{"line":247,"column":29}},"loc":{"start":{"line":247,"column":29},"end":{"line":252,"column":null}},"line":247},"21":{"name":"(anonymous_21)","decl":{"start":{"line":254,"column":22},"end":{"line":254,"column":34}},"loc":{"start":{"line":254,"column":34},"end":{"line":401,"column":null}},"line":254},"22":{"name":"(anonymous_22)","decl":{"start":{"line":264,"column":16},"end":{"line":264,"column":24}},"loc":{"start":{"line":264,"column":24},"end":{"line":264,"column":46}},"line":264},"23":{"name":"(anonymous_23)","decl":{"start":{"line":281,"column":35},"end":{"line":281,"column":40}},"loc":{"start":{"line":281,"column":40},"end":{"line":281,"column":45}},"line":281},"24":{"name":"(anonymous_24)","decl":{"start":{"line":301,"column":20},"end":{"line":301,"column":28}},"loc":{"start":{"line":301,"column":28},"end":{"line":301,"column":53}},"line":301},"25":{"name":"(anonymous_25)","decl":{"start":{"line":310,"column":19},"end":{"line":310,"column":31}},"loc":{"start":{"line":310,"column":31},"end":{"line":359,"column":11}},"line":310},"26":{"name":"(anonymous_26)","decl":{"start":{"line":325,"column":21},"end":{"line":325,"column":27}},"loc":{"start":{"line":325,"column":27},"end":{"line":358,"column":13}},"line":325},"27":{"name":"(anonymous_27)","decl":{"start":{"line":374,"column":18},"end":{"line":374,"column":26}},"loc":{"start":{"line":374,"column":26},"end":{"line":374,"column":53}},"line":374},"28":{"name":"(anonymous_28)","decl":{"start":{"line":385,"column":21},"end":{"line":385,"column":27}},"loc":{"start":{"line":385,"column":27},"end":{"line":387,"column":13}},"line":385},"29":{"name":"(anonymous_29)","decl":{"start":{"line":393,"column":18},"end":{"line":393,"column":26}},"loc":{"start":{"line":393,"column":26},"end":{"line":397,"column":8}},"line":393},"30":{"name":"(anonymous_30)","decl":{"start":{"line":404,"column":30},"end":{"line":404,"column":42}},"loc":{"start":{"line":404,"column":42},"end":{"line":493,"column":null}},"line":404},"31":{"name":"(anonymous_31)","decl":{"start":{"line":422,"column":20},"end":{"line":422,"column":28}},"loc":{"start":{"line":422,"column":28},"end":{"line":422,"column":53}},"line":422},"32":{"name":"(anonymous_32)","decl":{"start":{"line":427,"column":21},"end":{"line":427,"column":27}},"loc":{"start":{"line":427,"column":27},"end":{"line":429,"column":13}},"line":427},"33":{"name":"(anonymous_33)","decl":{"start":{"line":437,"column":13},"end":{"line":437,"column":20}},"loc":{"start":{"line":437,"column":20},"end":{"line":437,"column":85}},"line":437},"34":{"name":"(anonymous_34)","decl":{"start":{"line":471,"column":18},"end":{"line":471,"column":26}},"loc":{"start":{"line":471,"column":26},"end":{"line":471,"column":51}},"line":471},"35":{"name":"(anonymous_35)","decl":{"start":{"line":478,"column":19},"end":{"line":478,"column":25}},"loc":{"start":{"line":478,"column":25},"end":{"line":480,"column":11}},"line":478},"36":{"name":"(anonymous_36)","decl":{"start":{"line":485,"column":18},"end":{"line":485,"column":26}},"loc":{"start":{"line":485,"column":26},"end":{"line":489,"column":8}},"line":485},"37":{"name":"(anonymous_37)","decl":{"start":{"line":496,"column":29},"end":{"line":496,"column":35}},"loc":{"start":{"line":496,"column":35},"end":{"line":514,"column":null}},"line":496},"38":{"name":"(anonymous_38)","decl":{"start":{"line":506,"column":16},"end":{"line":506,"column":24}},"loc":{"start":{"line":506,"column":24},"end":{"line":506,"column":48}},"line":506},"39":{"name":"(anonymous_39)","decl":{"start":{"line":510,"column":17},"end":{"line":510,"column":23}},"loc":{"start":{"line":510,"column":23},"end":{"line":512,"column":9}},"line":510},"40":{"name":"(anonymous_40)","decl":{"start":{"line":516,"column":27},"end":{"line":516,"column":34}},"loc":{"start":{"line":516,"column":44},"end":{"line":559,"column":null}},"line":516},"41":{"name":"(anonymous_41)","decl":{"start":{"line":521,"column":36},"end":{"line":521,"column":44}},"loc":{"start":{"line":521,"column":44},"end":{"line":534,"column":5}},"line":521},"42":{"name":"(anonymous_42)","decl":{"start":{"line":540,"column":23},"end":{"line":540,"column":31}},"loc":{"start":{"line":540,"column":31},"end":{"line":540,"column":61}},"line":540},"43":{"name":"(anonymous_43)","decl":{"start":{"line":553,"column":23},"end":{"line":553,"column":31}},"loc":{"start":{"line":553,"column":31},"end":{"line":553,"column":55}},"line":553},"44":{"name":"(anonymous_44)","decl":{"start":{"line":561,"column":21},"end":{"line":561,"column":22}},"loc":{"start":{"line":561,"column":32},"end":{"line":563,"column":null}},"line":561},"45":{"name":"(anonymous_45)","decl":{"start":{"line":562,"column":21},"end":{"line":562,"column":29}},"loc":{"start":{"line":562,"column":29},"end":{"line":562,"column":63}},"line":562},"46":{"name":"(anonymous_46)","decl":{"start":{"line":562,"column":41},"end":{"line":562,"column":42}},"loc":{"start":{"line":562,"column":51},"end":{"line":562,"column":62}},"line":562},"47":{"name":"(anonymous_47)","decl":{"start":{"line":565,"column":25},"end":{"line":565,"column":26}},"loc":{"start":{"line":565,"column":32},"end":{"line":570,"column":null}},"line":565},"48":{"name":"(anonymous_48)","decl":{"start":{"line":573,"column":31},"end":{"line":573,"column":37}},"loc":{"start":{"line":573,"column":37},"end":{"line":623,"column":null}},"line":573},"49":{"name":"(anonymous_49)","decl":{"start":{"line":605,"column":23},"end":{"line":605,"column":29}},"loc":{"start":{"line":605,"column":29},"end":{"line":612,"column":15}},"line":605},"50":{"name":"(anonymous_50)","decl":{"start":{"line":670,"column":22},"end":{"line":670,"column":23}},"loc":{"start":{"line":671,"column":10},"end":{"line":743,"column":null}},"line":671},"51":{"name":"(anonymous_51)","decl":{"start":{"line":703,"column":37},"end":{"line":703,"column":38}},"loc":{"start":{"line":704,"column":24},"end":{"line":716,"column":null}},"line":704},"52":{"name":"(anonymous_52)","decl":{"start":{"line":805,"column":31},"end":{"line":805,"column":32}},"loc":{"start":{"line":806,"column":14},"end":{"line":829,"column":null}},"line":806},"53":{"name":"(anonymous_53)","decl":{"start":{"line":821,"column":27},"end":{"line":821,"column":33}},"loc":{"start":{"line":821,"column":33},"end":{"line":821,"column":null}},"line":821},"54":{"name":"(anonymous_54)","decl":{"start":{"line":871,"column":21},"end":{"line":871,"column":27}},"loc":{"start":{"line":871,"column":27},"end":{"line":871,"column":null}},"line":871},"55":{"name":"(anonymous_55)","decl":{"start":{"line":915,"column":24},"end":{"line":915,"column":25}},"loc":{"start":{"line":915,"column":31},"end":{"line":915,"column":null}},"line":915}},"branchMap":{"0":{"loc":{"start":{"line":6,"column":16},"end":{"line":6,"column":null}},"type":"binary-expr","locations":[{"start":{"line":6,"column":16},"end":{"line":6,"column":48}},{"start":{"line":6,"column":48},"end":{"line":6,"column":null}}],"line":6},"1":{"loc":{"start":{"line":9,"column":0},"end":{"line":11,"column":null}},"type":"if","locations":[{"start":{"line":9,"column":0},"end":{"line":11,"column":null}},{"start":{},"end":{}}],"line":9},"2":{"loc":{"start":{"line":47,"column":6},"end":{"line":50,"column":null}},"type":"if","locations":[{"start":{"line":47,"column":6},"end":{"line":50,"column":null}},{"start":{},"end":{}}],"line":47},"3":{"loc":{"start":{"line":61,"column":30},"end":{"line":61,"column":null}},"type":"binary-expr","locations":[{"start":{"line":61,"column":30},"end":{"line":61,"column":58}},{"start":{"line":61,"column":58},"end":{"line":61,"column":null}}],"line":61},"4":{"loc":{"start":{"line":63,"column":4},"end":{"line":67,"column":null}},"type":"if","locations":[{"start":{"line":63,"column":4},"end":{"line":67,"column":null}},{"start":{},"end":{}}],"line":63},"5":{"loc":{"start":{"line":85,"column":8},"end":{"line":89,"column":null}},"type":"if","locations":[{"start":{"line":85,"column":8},"end":{"line":89,"column":null}},{"start":{"line":87,"column":15},"end":{"line":89,"column":null}}],"line":85},"6":{"loc":{"start":{"line":93,"column":6},"end":{"line":95,"column":null}},"type":"if","locations":[{"start":{"line":93,"column":6},"end":{"line":95,"column":null}},{"start":{},"end":{}}],"line":93},"7":{"loc":{"start":{"line":98,"column":6},"end":{"line":105,"column":null}},"type":"if","locations":[{"start":{"line":98,"column":6},"end":{"line":105,"column":null}},{"start":{},"end":{}}],"line":98},"8":{"loc":{"start":{"line":102,"column":17},"end":{"line":102,"column":null}},"type":"cond-expr","locations":[{"start":{"line":102,"column":27},"end":{"line":102,"column":53}},{"start":{"line":102,"column":53},"end":{"line":102,"column":null}}],"line":102},"9":{"loc":{"start":{"line":113,"column":6},"end":{"line":121,"column":null}},"type":"if","locations":[{"start":{"line":113,"column":6},"end":{"line":121,"column":null}},{"start":{"line":115,"column":6},"end":{"line":121,"column":null}}],"line":113},"10":{"loc":{"start":{"line":113,"column":10},"end":{"line":113,"column":68}},"type":"binary-expr","locations":[{"start":{"line":113,"column":10},"end":{"line":113,"column":41}},{"start":{"line":113,"column":41},"end":{"line":113,"column":68}}],"line":113},"11":{"loc":{"start":{"line":115,"column":6},"end":{"line":121,"column":null}},"type":"if","locations":[{"start":{"line":115,"column":6},"end":{"line":121,"column":null}},{"start":{"line":117,"column":6},"end":{"line":121,"column":null}}],"line":115},"12":{"loc":{"start":{"line":117,"column":6},"end":{"line":121,"column":null}},"type":"if","locations":[{"start":{"line":117,"column":6},"end":{"line":121,"column":null}},{"start":{"line":119,"column":13},"end":{"line":121,"column":null}}],"line":117},"13":{"loc":{"start":{"line":133,"column":6},"end":{"line":146,"column":null}},"type":"if","locations":[{"start":{"line":133,"column":6},"end":{"line":146,"column":null}},{"start":{"line":142,"column":13},"end":{"line":146,"column":null}}],"line":133},"14":{"loc":{"start":{"line":133,"column":10},"end":{"line":133,"column":54}},"type":"binary-expr","locations":[{"start":{"line":133,"column":10},"end":{"line":133,"column":41}},{"start":{"line":133,"column":41},"end":{"line":133,"column":54}}],"line":133},"15":{"loc":{"start":{"line":160,"column":6},"end":{"line":166,"column":null}},"type":"if","locations":[{"start":{"line":160,"column":6},"end":{"line":166,"column":null}},{"start":{},"end":{}}],"line":160},"16":{"loc":{"start":{"line":172,"column":4},"end":{"line":177,"column":null}},"type":"if","locations":[{"start":{"line":172,"column":4},"end":{"line":177,"column":null}},{"start":{"line":175,"column":11},"end":{"line":177,"column":null}}],"line":172},"17":{"loc":{"start":{"line":181,"column":6},"end":{"line":183,"column":null}},"type":"if","locations":[{"start":{"line":181,"column":6},"end":{"line":183,"column":null}},{"start":{},"end":{}}],"line":181},"18":{"loc":{"start":{"line":189,"column":4},"end":{"line":189,"column":null}},"type":"if","locations":[{"start":{"line":189,"column":4},"end":{"line":189,"column":null}},{"start":{},"end":{}}],"line":189},"19":{"loc":{"start":{"line":189,"column":8},"end":{"line":189,"column":57}},"type":"binary-expr","locations":[{"start":{"line":189,"column":8},"end":{"line":189,"column":39}},{"start":{"line":189,"column":39},"end":{"line":189,"column":57}}],"line":189},"20":{"loc":{"start":{"line":214,"column":4},"end":{"line":216,"column":null}},"type":"if","locations":[{"start":{"line":214,"column":4},"end":{"line":216,"column":null}},{"start":{},"end":{}}],"line":214},"21":{"loc":{"start":{"line":240,"column":4},"end":{"line":243,"column":null}},"type":"if","locations":[{"start":{"line":240,"column":4},"end":{"line":243,"column":null}},{"start":{},"end":{}}],"line":240},"22":{"loc":{"start":{"line":248,"column":4},"end":{"line":250,"column":null}},"type":"if","locations":[{"start":{"line":248,"column":4},"end":{"line":250,"column":null}},{"start":{},"end":{}}],"line":248},"23":{"loc":{"start":{"line":255,"column":4},"end":{"line":255,"column":null}},"type":"if","locations":[{"start":{"line":255,"column":4},"end":{"line":255,"column":null}},{"start":{},"end":{}}],"line":255},"24":{"loc":{"start":{"line":255,"column":8},"end":{"line":255,"column":60}},"type":"binary-expr","locations":[{"start":{"line":255,"column":8},"end":{"line":255,"column":32}},{"start":{"line":255,"column":32},"end":{"line":255,"column":60}}],"line":255},"25":{"loc":{"start":{"line":261,"column":13},"end":{"line":261,"column":null}},"type":"cond-expr","locations":[{"start":{"line":261,"column":40},"end":{"line":261,"column":56}},{"start":{"line":261,"column":56},"end":{"line":261,"column":null}}],"line":261},"26":{"loc":{"start":{"line":273,"column":28},"end":{"line":273,"column":null}},"type":"binary-expr","locations":[{"start":{"line":273,"column":28},"end":{"line":273,"column":52}},{"start":{"line":273,"column":52},"end":{"line":273,"column":null}}],"line":273},"27":{"loc":{"start":{"line":273,"column":52},"end":{"line":273,"column":null}},"type":"cond-expr","locations":[{"start":{"line":273,"column":78},"end":{"line":273,"column":98}},{"start":{"line":273,"column":98},"end":{"line":273,"column":null}}],"line":273},"28":{"loc":{"start":{"line":285,"column":6},"end":{"line":287,"column":null}},"type":"if","locations":[{"start":{"line":285,"column":6},"end":{"line":287,"column":null}},{"start":{},"end":{}}],"line":285},"29":{"loc":{"start":{"line":292,"column":6},"end":{"line":362,"column":null}},"type":"if","locations":[{"start":{"line":292,"column":6},"end":{"line":362,"column":null}},{"start":{},"end":{}}],"line":292},"30":{"loc":{"start":{"line":305,"column":8},"end":{"line":307,"column":null}},"type":"if","locations":[{"start":{"line":305,"column":8},"end":{"line":307,"column":null}},{"start":{},"end":{}}],"line":305},"31":{"loc":{"start":{"line":305,"column":12},"end":{"line":305,"column":46}},"type":"binary-expr","locations":[{"start":{"line":305,"column":12},"end":{"line":305,"column":31}},{"start":{"line":305,"column":31},"end":{"line":305,"column":46}}],"line":305},"32":{"loc":{"start":{"line":377,"column":6},"end":{"line":389,"column":null}},"type":"if","locations":[{"start":{"line":377,"column":6},"end":{"line":389,"column":null}},{"start":{"line":381,"column":13},"end":{"line":389,"column":null}}],"line":377},"33":{"loc":{"start":{"line":383,"column":8},"end":{"line":388,"column":null}},"type":"if","locations":[{"start":{"line":383,"column":8},"end":{"line":388,"column":null}},{"start":{},"end":{}}],"line":383},"34":{"loc":{"start":{"line":383,"column":12},"end":{"line":383,"column":46}},"type":"binary-expr","locations":[{"start":{"line":383,"column":12},"end":{"line":383,"column":31}},{"start":{"line":383,"column":31},"end":{"line":383,"column":46}}],"line":383},"35":{"loc":{"start":{"line":405,"column":4},"end":{"line":405,"column":null}},"type":"if","locations":[{"start":{"line":405,"column":4},"end":{"line":405,"column":null}},{"start":{},"end":{}}],"line":405},"36":{"loc":{"start":{"line":411,"column":6},"end":{"line":433,"column":null}},"type":"if","locations":[{"start":{"line":411,"column":6},"end":{"line":433,"column":null}},{"start":{},"end":{}}],"line":411},"37":{"loc":{"start":{"line":426,"column":8},"end":{"line":430,"column":null}},"type":"if","locations":[{"start":{"line":426,"column":8},"end":{"line":430,"column":null}},{"start":{},"end":{}}],"line":426},"38":{"loc":{"start":{"line":437,"column":23},"end":{"line":437,"column":67}},"type":"cond-expr","locations":[{"start":{"line":437,"column":45},"end":{"line":437,"column":56}},{"start":{"line":437,"column":56},"end":{"line":437,"column":67}}],"line":437},"39":{"loc":{"start":{"line":441,"column":25},"end":{"line":441,"column":null}},"type":"binary-expr","locations":[{"start":{"line":441,"column":25},"end":{"line":441,"column":58}},{"start":{"line":441,"column":58},"end":{"line":441,"column":null}}],"line":441},"40":{"loc":{"start":{"line":449,"column":19},"end":{"line":449,"column":null}},"type":"binary-expr","locations":[{"start":{"line":449,"column":19},"end":{"line":449,"column":46}},{"start":{"line":449,"column":46},"end":{"line":449,"column":null}}],"line":449},"41":{"loc":{"start":{"line":456,"column":6},"end":{"line":458,"column":null}},"type":"if","locations":[{"start":{"line":456,"column":6},"end":{"line":458,"column":null}},{"start":{},"end":{}}],"line":456},"42":{"loc":{"start":{"line":477,"column":6},"end":{"line":481,"column":null}},"type":"if","locations":[{"start":{"line":477,"column":6},"end":{"line":481,"column":null}},{"start":{},"end":{}}],"line":477},"43":{"loc":{"start":{"line":509,"column":4},"end":{"line":513,"column":null}},"type":"if","locations":[{"start":{"line":509,"column":4},"end":{"line":513,"column":null}},{"start":{},"end":{}}],"line":509},"44":{"loc":{"start":{"line":518,"column":4},"end":{"line":518,"column":null}},"type":"if","locations":[{"start":{"line":518,"column":4},"end":{"line":518,"column":null}},{"start":{},"end":{}}],"line":518},"45":{"loc":{"start":{"line":525,"column":6},"end":{"line":528,"column":null}},"type":"if","locations":[{"start":{"line":525,"column":6},"end":{"line":528,"column":null}},{"start":{},"end":{}}],"line":525},"46":{"loc":{"start":{"line":529,"column":6},"end":{"line":532,"column":null}},"type":"if","locations":[{"start":{"line":529,"column":6},"end":{"line":532,"column":null}},{"start":{},"end":{}}],"line":529},"47":{"loc":{"start":{"line":536,"column":4},"end":{"line":536,"column":null}},"type":"if","locations":[{"start":{"line":536,"column":4},"end":{"line":536,"column":null}},{"start":{},"end":{}}],"line":536},"48":{"loc":{"start":{"line":548,"column":6},"end":{"line":550,"column":null}},"type":"if","locations":[{"start":{"line":548,"column":6},"end":{"line":550,"column":null}},{"start":{},"end":{}}],"line":548},"49":{"loc":{"start":{"line":566,"column":4},"end":{"line":569,"column":null}},"type":"if","locations":[{"start":{"line":566,"column":4},"end":{"line":569,"column":null}},{"start":{},"end":{}}],"line":566},"50":{"loc":{"start":{"line":566,"column":8},"end":{"line":566,"column":42}},"type":"binary-expr","locations":[{"start":{"line":566,"column":8},"end":{"line":566,"column":29}},{"start":{"line":566,"column":29},"end":{"line":566,"column":42}}],"line":566},"51":{"loc":{"start":{"line":574,"column":4},"end":{"line":577,"column":null}},"type":"if","locations":[{"start":{"line":574,"column":4},"end":{"line":577,"column":null}},{"start":{},"end":{}}],"line":574},"52":{"loc":{"start":{"line":574,"column":8},"end":{"line":574,"column":54}},"type":"binary-expr","locations":[{"start":{"line":574,"column":8},"end":{"line":574,"column":29}},{"start":{"line":574,"column":29},"end":{"line":574,"column":54}}],"line":574},"53":{"loc":{"start":{"line":579,"column":4},"end":{"line":622,"column":null}},"type":"if","locations":[{"start":{"line":579,"column":4},"end":{"line":622,"column":null}},{"start":{"line":592,"column":11},"end":{"line":622,"column":null}}],"line":579},"54":{"loc":{"start":{"line":579,"column":8},"end":{"line":579,"column":52}},"type":"binary-expr","locations":[{"start":{"line":579,"column":8},"end":{"line":579,"column":23}},{"start":{"line":579,"column":23},"end":{"line":579,"column":52}}],"line":579},"55":{"loc":{"start":{"line":602,"column":8},"end":{"line":618,"column":null}},"type":"if","locations":[{"start":{"line":602,"column":8},"end":{"line":618,"column":null}},{"start":{"line":616,"column":15},"end":{"line":618,"column":null}}],"line":602},"56":{"loc":{"start":{"line":602,"column":12},"end":{"line":602,"column":64}},"type":"binary-expr","locations":[{"start":{"line":602,"column":12},"end":{"line":602,"column":29}},{"start":{"line":602,"column":29},"end":{"line":602,"column":64}}],"line":602},"57":{"loc":{"start":{"line":640,"column":16},"end":{"line":642,"column":null}},"type":"cond-expr","locations":[{"start":{"line":641,"column":20},"end":{"line":641,"column":null}},{"start":{"line":642,"column":20},"end":{"line":642,"column":null}}],"line":640},"58":{"loc":{"start":{"line":644,"column":21},"end":{"line":644,"column":null}},"type":"cond-expr","locations":[{"start":{"line":644,"column":39},"end":{"line":644,"column":69}},{"start":{"line":644,"column":69},"end":{"line":644,"column":null}}],"line":644},"59":{"loc":{"start":{"line":646,"column":15},"end":{"line":656,"column":null}},"type":"cond-expr","locations":[{"start":{"line":647,"column":16},"end":{"line":651,"column":null}},{"start":{"line":653,"column":16},"end":{"line":656,"column":null}}],"line":646},"60":{"loc":{"start":{"line":648,"column":49},"end":{"line":648,"column":82}},"type":"cond-expr","locations":[{"start":{"line":648,"column":62},"end":{"line":648,"column":80}},{"start":{"line":648,"column":80},"end":{"line":648,"column":82}}],"line":648},"61":{"loc":{"start":{"line":650,"column":19},"end":{"line":650,"column":null}},"type":"binary-expr","locations":[{"start":{"line":650,"column":19},"end":{"line":650,"column":33}},{"start":{"line":650,"column":33},"end":{"line":650,"column":null}}],"line":650},"62":{"loc":{"start":{"line":673,"column":31},"end":{"line":673,"column":84}},"type":"cond-expr","locations":[{"start":{"line":673,"column":53},"end":{"line":673,"column":69}},{"start":{"line":673,"column":69},"end":{"line":673,"column":84}}],"line":673},"63":{"loc":{"start":{"line":677,"column":16},"end":{"line":679,"column":null}},"type":"cond-expr","locations":[{"start":{"line":678,"column":20},"end":{"line":678,"column":null}},{"start":{"line":679,"column":20},"end":{"line":679,"column":null}}],"line":677},"64":{"loc":{"start":{"line":684,"column":17},"end":{"line":687,"column":null}},"type":"binary-expr","locations":[{"start":{"line":684,"column":17},"end":{"line":684,"column":null}},{"start":{"line":685,"column":18},"end":{"line":687,"column":null}}],"line":684},"65":{"loc":{"start":{"line":701,"column":19},"end":{"line":718,"column":null}},"type":"binary-expr","locations":[{"start":{"line":701,"column":19},"end":{"line":701,"column":32}},{"start":{"line":701,"column":32},"end":{"line":701,"column":null}},{"start":{"line":702,"column":20},"end":{"line":718,"column":null}}],"line":701},"66":{"loc":{"start":{"line":705,"column":27},"end":{"line":714,"column":null}},"type":"cond-expr","locations":[{"start":{"line":706,"column":28},"end":{"line":710,"column":null}},{"start":{"line":712,"column":28},"end":{"line":714,"column":null}}],"line":705},"67":{"loc":{"start":{"line":705,"column":27},"end":{"line":705,"column":null}},"type":"binary-expr","locations":[{"start":{"line":705,"column":27},"end":{"line":705,"column":50}},{"start":{"line":705,"column":50},"end":{"line":705,"column":74}},{"start":{"line":705,"column":74},"end":{"line":705,"column":null}}],"line":705},"68":{"loc":{"start":{"line":723,"column":20},"end":{"line":723,"column":null}},"type":"cond-expr","locations":[{"start":{"line":723,"column":42},"end":{"line":723,"column":60}},{"start":{"line":723,"column":60},"end":{"line":723,"column":null}}],"line":723},"69":{"loc":{"start":{"line":731,"column":21},"end":{"line":732,"column":null}},"type":"binary-expr","locations":[{"start":{"line":731,"column":21},"end":{"line":731,"column":37}},{"start":{"line":731,"column":37},"end":{"line":731,"column":null}},{"start":{"line":732,"column":22},"end":{"line":732,"column":null}}],"line":731},"70":{"loc":{"start":{"line":736,"column":17},"end":{"line":739,"column":null}},"type":"binary-expr","locations":[{"start":{"line":736,"column":17},"end":{"line":736,"column":null}},{"start":{"line":737,"column":18},"end":{"line":739,"column":null}}],"line":736},"71":{"loc":{"start":{"line":747,"column":9},"end":{"line":761,"column":null}},"type":"binary-expr","locations":[{"start":{"line":747,"column":9},"end":{"line":747,"column":null}},{"start":{"line":748,"column":10},"end":{"line":761,"column":null}}],"line":747},"72":{"loc":{"start":{"line":765,"column":9},"end":{"line":792,"column":null}},"type":"binary-expr","locations":[{"start":{"line":765,"column":9},"end":{"line":765,"column":null}},{"start":{"line":766,"column":10},"end":{"line":792,"column":null}}],"line":765},"73":{"loc":{"start":{"line":799,"column":7},"end":{"line":832,"column":null}},"type":"binary-expr","locations":[{"start":{"line":799,"column":7},"end":{"line":799,"column":null}},{"start":{"line":800,"column":8},"end":{"line":832,"column":null}}],"line":799},"74":{"loc":{"start":{"line":808,"column":19},"end":{"line":817,"column":null}},"type":"cond-expr","locations":[{"start":{"line":809,"column":20},"end":{"line":813,"column":null}},{"start":{"line":815,"column":20},"end":{"line":817,"column":null}}],"line":808},"75":{"loc":{"start":{"line":808,"column":19},"end":{"line":808,"column":null}},"type":"binary-expr","locations":[{"start":{"line":808,"column":19},"end":{"line":808,"column":42}},{"start":{"line":808,"column":42},"end":{"line":808,"column":66}},{"start":{"line":808,"column":66},"end":{"line":808,"column":null}}],"line":808},"76":{"loc":{"start":{"line":838,"column":9},"end":{"line":865,"column":null}},"type":"binary-expr","locations":[{"start":{"line":838,"column":9},"end":{"line":838,"column":null}},{"start":{"line":839,"column":10},"end":{"line":865,"column":null}}],"line":838},"77":{"loc":{"start":{"line":856,"column":13},"end":{"line":860,"column":null}},"type":"binary-expr","locations":[{"start":{"line":856,"column":13},"end":{"line":856,"column":null}},{"start":{"line":857,"column":14},"end":{"line":860,"column":null}}],"line":856},"78":{"loc":{"start":{"line":862,"column":13},"end":{"line":863,"column":null}},"type":"binary-expr","locations":[{"start":{"line":862,"column":13},"end":{"line":862,"column":null}},{"start":{"line":863,"column":14},"end":{"line":863,"column":null}}],"line":862},"79":{"loc":{"start":{"line":887,"column":11},"end":{"line":908,"column":null}},"type":"binary-expr","locations":[{"start":{"line":887,"column":11},"end":{"line":887,"column":null}},{"start":{"line":888,"column":12},"end":{"line":908,"column":null}}],"line":887},"80":{"loc":{"start":{"line":891,"column":16},"end":{"line":893,"column":null}},"type":"cond-expr","locations":[{"start":{"line":892,"column":20},"end":{"line":892,"column":null}},{"start":{"line":893,"column":20},"end":{"line":893,"column":null}}],"line":891},"81":{"loc":{"start":{"line":895,"column":21},"end":{"line":895,"column":null}},"type":"cond-expr","locations":[{"start":{"line":895,"column":35},"end":{"line":895,"column":72}},{"start":{"line":895,"column":72},"end":{"line":895,"column":null}}],"line":895},"82":{"loc":{"start":{"line":897,"column":15},"end":{"line":906,"column":null}},"type":"cond-expr","locations":[{"start":{"line":898,"column":16},"end":{"line":904,"column":null}},{"start":{"line":906,"column":16},"end":{"line":906,"column":null}}],"line":897},"83":{"loc":{"start":{"line":930,"column":22},"end":{"line":930,"column":null}},"type":"binary-expr","locations":[{"start":{"line":930,"column":22},"end":{"line":930,"column":46}},{"start":{"line":930,"column":46},"end":{"line":930,"column":null}}],"line":930},"84":{"loc":{"start":{"line":932,"column":14},"end":{"line":934,"column":null}},"type":"cond-expr","locations":[{"start":{"line":933,"column":18},"end":{"line":933,"column":null}},{"start":{"line":934,"column":18},"end":{"line":934,"column":null}}],"line":932},"85":{"loc":{"start":{"line":932,"column":14},"end":{"line":932,"column":null}},"type":"binary-expr","locations":[{"start":{"line":932,"column":14},"end":{"line":932,"column":37}},{"start":{"line":932,"column":37},"end":{"line":932,"column":null}}],"line":932},"86":{"loc":{"start":{"line":937,"column":13},"end":{"line":940,"column":null}},"type":"cond-expr","locations":[{"start":{"line":938,"column":14},"end":{"line":938,"column":null}},{"start":{"line":940,"column":14},"end":{"line":940,"column":null}}],"line":937},"87":{"loc":{"start":{"line":949,"column":9},"end":{"line":952,"column":null}},"type":"binary-expr","locations":[{"start":{"line":949,"column":9},"end":{"line":949,"column":null}},{"start":{"line":950,"column":10},"end":{"line":952,"column":null}}],"line":949}},"s":{"0":2,"1":2,"2":2,"3":2,"4":382,"5":382,"6":382,"7":382,"8":382,"9":45,"10":382,"11":382,"12":382,"13":382,"14":382,"15":382,"16":382,"17":382,"18":382,"19":382,"20":382,"21":382,"22":45,"23":45,"24":45,"25":43,"26":43,"27":43,"28":382,"29":129,"30":382,"31":45,"32":45,"33":0,"34":0,"35":0,"36":45,"37":45,"38":45,"39":45,"40":45,"41":45,"42":45,"43":0,"44":0,"45":0,"46":0,"47":0,"48":0,"49":0,"50":0,"51":0,"52":0,"53":0,"54":0,"55":0,"56":0,"57":0,"58":0,"59":45,"60":0,"61":0,"62":0,"63":0,"64":0,"65":0,"66":0,"67":0,"68":0,"69":0,"70":0,"71":45,"72":45,"73":45,"74":0,"75":0,"76":0,"77":0,"78":0,"79":0,"80":45,"81":45,"82":45,"83":45,"84":1,"85":1,"86":1,"87":45,"88":45,"89":45,"90":45,"91":45,"92":0,"93":382,"94":45,"95":45,"96":45,"97":0,"98":45,"99":45,"100":45,"101":382,"102":59,"103":0,"104":59,"105":59,"106":59,"107":59,"108":59,"109":59,"110":59,"111":59,"112":59,"113":0,"114":59,"115":0,"116":59,"117":0,"118":0,"119":59,"120":0,"121":0,"122":59,"123":0,"124":0,"125":59,"126":382,"127":0,"128":0,"129":0,"130":382,"131":1,"132":0,"133":1,"134":382,"135":21,"136":0,"137":21,"138":21,"139":21,"140":21,"141":21,"142":21,"143":21,"144":21,"145":21,"146":21,"147":0,"148":19,"149":2,"150":17,"151":17,"152":0,"153":0,"154":0,"155":0,"156":0,"157":0,"158":0,"159":0,"160":0,"161":0,"162":0,"163":0,"164":0,"165":0,"166":0,"167":0,"168":0,"169":17,"170":17,"171":16,"172":17,"173":3,"174":3,"175":14,"176":14,"177":14,"178":3,"179":3,"180":3,"181":20,"182":382,"183":1,"184":0,"185":1,"186":1,"187":1,"188":0,"189":0,"190":0,"191":0,"192":0,"193":0,"194":0,"195":0,"196":0,"197":1,"198":3,"199":1,"200":1,"201":1,"202":0,"203":1,"204":1,"205":1,"206":1,"207":1,"208":1,"209":1,"210":1,"211":1,"212":0,"213":0,"214":0,"215":1,"216":382,"217":1,"218":1,"219":1,"220":1,"221":1,"222":1,"223":1,"224":382,"225":2,"226":2,"227":0,"228":2,"229":2,"230":2,"231":2,"232":0,"233":0,"234":2,"235":0,"236":0,"237":2,"238":2,"239":0,"240":2,"241":2,"242":2,"243":2,"244":2,"245":2,"246":1,"247":1,"248":1,"249":0,"250":1,"251":1,"252":382,"253":0,"254":0,"255":0,"256":382,"257":242,"258":2,"259":2,"260":382,"261":1,"262":0,"263":0,"264":1,"265":0,"266":0,"267":0,"268":0,"269":0,"270":0,"271":0,"272":0,"273":0,"274":1,"275":1,"276":1,"277":1,"278":0,"279":0,"280":0,"281":0,"282":0,"283":0,"284":0,"285":0,"286":0,"287":0,"288":0,"289":0,"290":0,"291":382,"292":494,"293":0,"294":0,"295":0,"296":0,"297":240},"f":{"0":382,"1":45,"2":45,"3":43,"4":129,"5":45,"6":0,"7":0,"8":0,"9":45,"10":1,"11":45,"12":45,"13":45,"14":59,"15":0,"16":0,"17":0,"18":0,"19":0,"20":1,"21":21,"22":21,"23":0,"24":0,"25":0,"26":0,"27":16,"28":14,"29":3,"30":1,"31":0,"32":0,"33":3,"34":1,"35":1,"36":0,"37":1,"38":1,"39":1,"40":2,"41":2,"42":2,"43":0,"44":0,"45":0,"46":0,"47":242,"48":1,"49":0,"50":494,"51":0,"52":0,"53":0,"54":0,"55":240},"b":{"0":[2,0],"1":[2,0],"2":[43,0],"3":[45,0],"4":[0,45],"5":[0,0],"6":[0,0],"7":[0,0],"8":[0,0],"9":[0,0],"10":[0,0],"11":[0,0],"12":[0,0],"13":[0,45],"14":[45,1],"15":[45,0],"16":[45,0],"17":[45,0],"18":[0,59],"19":[59,59],"20":[0,59],"21":[0,0],"22":[0,1],"23":[0,21],"24":[21,0],"25":[0,21],"26":[21,0],"27":[0,0],"28":[2,17],"29":[0,17],"30":[0,0],"31":[0,0],"32":[3,14],"33":[14,0],"34":[14,14],"35":[0,1],"36":[0,1],"37":[0,0],"38":[1,2],"39":[1,1],"40":[1,1],"41":[0,1],"42":[1,0],"43":[1,0],"44":[0,2],"45":[0,2],"46":[0,2],"47":[0,2],"48":[1,1],"49":[2,240],"50":[242,2],"51":[0,1],"52":[1,1],"53":[0,1],"54":[1,1],"55":[0,0],"56":[0,0],"57":[379,1],"58":[379,1],"59":[379,1],"60":[0,379],"61":[379,0],"62":[89,405],"63":[89,405],"64":[494,405],"65":[494,0,0],"66":[0,0],"67":[0,0,0],"68":[89,405],"69":[494,0,0],"70":[494,89],"71":[382,22],"72":[382,4],"73":[382,0],"74":[0,0],"75":[0,0,0],"76":[382,1],"77":[1,0],"78":[1,1],"79":[382,335],"80":[1,334],"81":[1,334],"82":[1,334],"83":[382,138],"84":[242,138],"85":[382,138],"86":[22,358],"87":[382,0]},"meta":{"lastBranch":88,"lastFunction":56,"lastStatement":298,"seen":{"s:6:16:6:Infinity":0,"b:6:16:6:48:6:48:6:Infinity":0,"b:9:0:11:Infinity:undefined:undefined:undefined:undefined":1,"s:9:0:11:Infinity":1,"s:10:2:10:Infinity":2,"s:13:22:957:Infinity":3,"f:13:22:13:28":0,"s:14:30:14:Infinity":4,"s:15:38:15:Infinity":5,"s:16:30:16:Infinity":6,"s:17:40:17:Infinity":7,"s:18:18:18:Infinity":8,"f:18:31:18:37":1,"s:18:37:18:56":9,"s:19:36:19:Infinity":10,"s:20:46:20:Infinity":11,"s:21:34:21:Infinity":12,"s:22:44:22:Infinity":13,"s:23:34:23:Infinity":14,"s:24:40:24:Infinity":15,"s:25:8:25:Infinity":16,"s:26:8:26:Infinity":17,"s:27:8:27:Infinity":18,"s:28:8:28:Infinity":19,"s:29:8:29:Infinity":20,"s:32:2:52:Infinity":21,"f:32:12:32:18":2,"s:33:27:33:Infinity":22,"s:39:4:43:Infinity":23,"s:46:4:51:Infinity":24,"f:46:15:46:21":3,"b:47:6:50:Infinity:undefined:undefined:undefined:undefined":2,"s:47:6:50:Infinity":25,"s:48:29:48:Infinity":26,"s:49:8:49:Infinity":27,"s:55:2:57:Infinity":28,"f:55:12:55:18":4,"s:56:4:56:Infinity":29,"s:60:2:168:Infinity":30,"f:60:12:60:18":5,"s:61:30:61:Infinity":31,"b:61:30:61:58:61:58:61:Infinity":3,"b:63:4:67:Infinity:undefined:undefined:undefined:undefined":4,"s:63:4:67:Infinity":32,"s:64:6:64:Infinity":33,"s:65:6:65:Infinity":34,"s:66:6:66:Infinity":35,"s:69:4:69:Infinity":36,"s:70:24:70:Infinity":37,"s:73:4:73:Infinity":38,"s:74:4:74:Infinity":39,"s:75:4:75:Infinity":40,"s:76:4:76:Infinity":41,"s:79:4:106:Infinity":42,"f:79:27:79:28":6,"s:80:30:80:Infinity":43,"s:81:28:81:Infinity":44,"s:83:6:90:Infinity":45,"s:83:19:83:38":46,"s:84:32:84:Infinity":47,"b:85:8:89:Infinity:87:15:89:Infinity":5,"s:85:8:89:Infinity":48,"s:86:10:86:Infinity":49,"s:88:10:88:Infinity":50,"b:93:6:95:Infinity:undefined:undefined:undefined:undefined":6,"s:93:6:95:Infinity":51,"s:94:8:94:Infinity":52,"b:98:6:105:Infinity:undefined:undefined:undefined:undefined":7,"s:98:6:105:Infinity":53,"s:99:8:103:Infinity":54,"f:99:24:99:32":7,"s:100:26:100:Infinity":55,"s:101:26:101:Infinity":56,"s:102:10:102:Infinity":57,"b:102:27:102:53:102:53:102:Infinity":8,"s:104:8:104:Infinity":58,"s:109:4:126:Infinity":59,"f:109:26:109:27":8,"s:110:6:110:Infinity":60,"b:113:6:121:Infinity:115:6:121:Infinity":9,"s:113:6:121:Infinity":61,"b:113:10:113:41:113:41:113:68":10,"s:114:8:114:Infinity":62,"b:115:6:121:Infinity:117:6:121:Infinity":11,"s:115:6:121:Infinity":63,"s:116:8:116:Infinity":64,"b:117:6:121:Infinity:119:13:121:Infinity":12,"s:117:6:121:Infinity":65,"s:118:8:118:Infinity":66,"s:120:8:120:Infinity":67,"s:123:6:123:Infinity":68,"s:124:6:124:Infinity":69,"s:125:6:125:Infinity":70,"s:129:4:147:Infinity":71,"f:129:24:129:30":9,"s:130:6:130:Infinity":72,"b:133:6:146:Infinity:142:13:146:Infinity":13,"s:133:6:146:Infinity":73,"b:133:10:133:41:133:41:133:54":14,"s:134:8:141:Infinity":74,"s:135:10:135:Infinity":75,"s:136:10:136:Infinity":76,"s:138:10:138:Infinity":77,"s:139:10:139:Infinity":78,"s:140:10:140:Infinity":79,"s:143:8:143:Infinity":80,"s:144:8:144:Infinity":81,"s:145:8:145:Infinity":82,"s:150:4:154:Infinity":83,"f:150:26:150:32":10,"s:151:6:151:Infinity":84,"s:152:6:152:Infinity":85,"s:153:6:153:Infinity":86,"s:156:4:156:Infinity":87,"s:159:4:167:Infinity":88,"f:159:11:159:17":11,"b:160:6:166:Infinity:undefined:undefined:undefined:undefined":15,"s:160:6:166:Infinity":89,"s:161:8:165:Infinity":90,"s:162:10:162:Infinity":91,"s:164:10:164:Infinity":92,"s:171:2:185:Infinity":93,"f:171:12:171:18":12,"b:172:4:177:Infinity:175:11:177:Infinity":16,"s:172:4:177:Infinity":94,"s:173:6:173:Infinity":95,"s:174:6:174:Infinity":96,"s:176:6:176:Infinity":97,"s:180:4:184:Infinity":98,"f:180:11:180:17":13,"b:181:6:183:Infinity:undefined:undefined:undefined:undefined":17,"s:181:6:183:Infinity":99,"s:182:8:182:Infinity":100,"s:188:20:236:Infinity":101,"f:188:20:188:21":14,"b:189:4:189:Infinity:undefined:undefined:undefined:undefined":18,"s:189:4:189:Infinity":102,"b:189:8:189:39:189:39:189:57":19,"s:189:57:189:Infinity":103,"s:192:4:192:Infinity":104,"s:195:22:201:Infinity":105,"s:203:22:203:Infinity":106,"s:206:4:206:Infinity":107,"s:207:4:207:Infinity":108,"s:208:4:208:Infinity":109,"s:209:4:209:Infinity":110,"s:212:19:212:Infinity":111,"s:213:24:213:Infinity":112,"f:213:36:213:45":15,"s:213:45:213:72":113,"b:214:4:216:Infinity:undefined:undefined:undefined:undefined":20,"s:214:4:216:Infinity":114,"s:215:6:215:Infinity":115,"s:219:4:222:Infinity":116,"f:219:24:219:30":16,"s:220:6:220:Infinity":117,"s:221:6:221:Infinity":118,"s:224:4:227:Infinity":119,"f:224:22:224:28":17,"s:225:6:225:Infinity":120,"s:226:6:226:Infinity":121,"s:229:4:232:Infinity":122,"f:229:24:229:25":18,"s:230:6:230:Infinity":123,"s:231:6:231:Infinity":124,"s:235:4:235:Infinity":125,"s:239:23:244:Infinity":126,"f:239:23:239:29":19,"b:240:4:243:Infinity:undefined:undefined:undefined:undefined":21,"s:240:4:243:Infinity":127,"s:241:6:241:Infinity":128,"s:242:6:242:Infinity":129,"s:247:23:252:Infinity":130,"f:247:23:247:29":20,"b:248:4:250:Infinity:undefined:undefined:undefined:undefined":22,"s:248:4:250:Infinity":131,"s:249:6:249:Infinity":132,"s:251:4:251:Infinity":133,"s:254:22:401:Infinity":134,"f:254:22:254:34":21,"b:255:4:255:Infinity:undefined:undefined:undefined:undefined":23,"s:255:4:255:Infinity":135,"b:255:8:255:32:255:32:255:60":24,"s:255:60:255:Infinity":136,"s:258:24:263:Infinity":137,"b:261:40:261:56:261:56:261:Infinity":25,"s:264:4:264:Infinity":138,"f:264:16:264:24":22,"s:264:24:264:46":139,"s:265:4:265:Infinity":140,"s:266:25:266:Infinity":141,"s:267:4:267:Infinity":142,"s:268:4:268:Infinity":143,"s:270:4:400:Infinity":144,"s:273:28:273:Infinity":145,"b:273:28:273:52:273:52:273:Infinity":26,"b:273:78:273:98:273:98:273:Infinity":27,"s:275:23:283:Infinity":146,"f:281:35:281:40":23,"s:281:40:281:45":147,"b:285:6:287:Infinity:undefined:undefined:undefined:undefined":28,"s:285:6:287:Infinity":148,"s:286:8:286:Infinity":149,"s:289:19:289:Infinity":150,"b:292:6:362:Infinity:undefined:undefined:undefined:undefined":29,"s:292:6:362:Infinity":151,"s:294:31:300:Infinity":152,"s:301:8:301:Infinity":153,"f:301:20:301:28":24,"s:301:28:301:53":154,"s:302:8:302:Infinity":155,"b:305:8:307:Infinity:undefined:undefined:undefined:undefined":30,"s:305:8:307:Infinity":156,"b:305:12:305:31:305:31:305:46":31,"s:306:10:306:Infinity":157,"s:310:8:359:Infinity":158,"f:310:19:310:31":25,"s:311:10:311:Infinity":159,"s:312:10:312:Infinity":160,"s:315:10:322:Infinity":161,"s:316:12:318:Infinity":162,"s:319:12:319:Infinity":163,"s:321:12:321:Infinity":164,"s:325:10:358:Infinity":165,"f:325:21:325:27":26,"s:326:35:326:Infinity":166,"s:353:12:357:Infinity":167,"s:361:8:361:Infinity":168,"s:365:31:372:Infinity":169,"s:374:6:374:Infinity":170,"f:374:18:374:26":27,"s:374:26:374:53":171,"b:377:6:389:Infinity:381:13:389:Infinity":32,"s:377:6:389:Infinity":172,"s:378:8:378:Infinity":173,"s:379:8:379:Infinity":174,"b:383:8:388:Infinity:undefined:undefined:undefined:undefined":33,"s:383:8:388:Infinity":175,"b:383:12:383:31:383:31:383:46":34,"s:385:10:387:Infinity":176,"f:385:21:385:27":28,"s:386:12:386:Infinity":177,"s:392:6:392:Infinity":178,"s:393:6:397:Infinity":179,"f:393:18:393:26":29,"s:393:26:397:8":180,"s:399:6:399:Infinity":181,"s:404:30:493:Infinity":182,"f:404:30:404:42":30,"b:405:4:405:Infinity:undefined:undefined:undefined:undefined":35,"s:405:4:405:Infinity":183,"s:405:24:405:Infinity":184,"s:407:4:407:Infinity":185,"s:409:4:492:Infinity":186,"b:411:6:433:Infinity:undefined:undefined:undefined:undefined":36,"s:411:6:433:Infinity":187,"s:413:8:413:Infinity":188,"s:415:31:420:Infinity":189,"s:422:8:422:Infinity":190,"f:422:20:422:28":31,"s:422:28:422:53":191,"s:423:8:423:Infinity":192,"b:426:8:430:Infinity:undefined:undefined:undefined:undefined":37,"s:426:8:430:Infinity":193,"s:427:10:429:Infinity":194,"f:427:21:427:27":32,"s:428:12:428:Infinity":195,"s:432:8:432:Infinity":196,"s:436:25:438:Infinity":197,"f:437:13:437:20":33,"s:437:20:437:85":198,"b:437:45:437:56:437:56:437:67":38,"s:441:25:441:Infinity":199,"b:441:25:441:58:441:58:441:Infinity":39,"s:443:23:454:Infinity":200,"b:449:19:449:46:449:46:449:Infinity":40,"b:456:6:458:Infinity:undefined:undefined:undefined:undefined":41,"s:456:6:458:Infinity":201,"s:457:8:457:Infinity":202,"s:460:21:460:Infinity":203,"s:461:6:461:Infinity":204,"s:464:29:469:Infinity":205,"s:471:6:471:Infinity":206,"f:471:18:471:26":34,"s:471:26:471:51":207,"s:474:6:474:Infinity":208,"b:477:6:481:Infinity:undefined:undefined:undefined:undefined":42,"s:477:6:481:Infinity":209,"s:478:8:480:Infinity":210,"f:478:19:478:25":35,"s:479:10:479:Infinity":211,"s:484:6:484:Infinity":212,"s:485:6:489:Infinity":213,"f:485:18:485:26":36,"s:485:26:489:8":214,"s:491:6:491:Infinity":215,"s:496:29:514:Infinity":216,"f:496:29:496:35":37,"s:497:4:497:Infinity":217,"s:500:26:504:Infinity":218,"s:506:4:506:Infinity":219,"f:506:16:506:24":38,"s:506:24:506:48":220,"b:509:4:513:Infinity:undefined:undefined:undefined:undefined":43,"s:509:4:513:Infinity":221,"s:510:6:512:Infinity":222,"f:510:17:510:23":39,"s:511:8:511:Infinity":223,"s:516:27:559:Infinity":224,"f:516:27:516:34":40,"s:517:18:517:Infinity":225,"b:518:4:518:Infinity:undefined:undefined:undefined:undefined":44,"s:518:4:518:Infinity":226,"s:518:28:518:Infinity":227,"s:521:23:534:Infinity":228,"f:521:36:521:44":41,"s:522:25:522:Infinity":229,"s:523:22:523:Infinity":230,"b:525:6:528:Infinity:undefined:undefined:undefined:undefined":45,"s:525:6:528:Infinity":231,"s:526:8:526:Infinity":232,"s:527:8:527:Infinity":233,"b:529:6:532:Infinity:undefined:undefined:undefined:undefined":46,"s:529:6:532:Infinity":234,"s:530:8:530:Infinity":235,"s:531:8:531:Infinity":236,"s:533:6:533:Infinity":237,"b:536:4:536:Infinity:undefined:undefined:undefined:undefined":47,"s:536:4:536:Infinity":238,"s:536:33:536:Infinity":239,"s:539:21:539:Infinity":240,"s:540:4:540:Infinity":241,"f:540:23:540:31":42,"s:540:31:540:61":242,"s:542:4:558:Infinity":243,"s:543:23:546:Infinity":244,"b:548:6:550:Infinity:undefined:undefined:undefined:undefined":48,"s:548:6:550:Infinity":245,"s:549:8:549:Infinity":246,"s:552:19:552:Infinity":247,"s:553:6:553:Infinity":248,"f:553:23:553:31":43,"s:553:31:553:55":249,"s:556:6:556:Infinity":250,"s:557:6:557:Infinity":251,"s:561:21:563:Infinity":252,"f:561:21:561:22":44,"s:562:4:562:Infinity":253,"f:562:21:562:29":45,"s:562:29:562:63":254,"f:562:41:562:42":46,"s:562:51:562:62":255,"s:565:25:570:Infinity":256,"f:565:25:565:26":47,"b:566:4:569:Infinity:undefined:undefined:undefined:undefined":49,"s:566:4:569:Infinity":257,"b:566:8:566:29:566:29:566:42":50,"s:567:6:567:Infinity":258,"s:568:6:568:Infinity":259,"s:573:31:623:Infinity":260,"f:573:31:573:37":48,"b:574:4:577:Infinity:undefined:undefined:undefined:undefined":51,"s:574:4:577:Infinity":261,"b:574:8:574:29:574:29:574:54":52,"s:575:6:575:Infinity":262,"s:576:6:576:Infinity":263,"b:579:4:622:Infinity:592:11:622:Infinity":53,"s:579:4:622:Infinity":264,"b:579:8:579:23:579:23:579:52":54,"s:581:6:591:Infinity":265,"s:582:8:582:Infinity":266,"s:583:8:583:Infinity":267,"s:584:8:584:Infinity":268,"s:585:8:585:Infinity":269,"s:586:8:586:Infinity":270,"s:588:8:588:Infinity":271,"s:589:8:589:Infinity":272,"s:590:8:590:Infinity":273,"s:594:6:621:Infinity":274,"s:595:8:595:Infinity":275,"s:596:8:596:Infinity":276,"s:597:8:597:Infinity":277,"s:599:8:599:Infinity":278,"b:602:8:618:Infinity:616:15:618:Infinity":55,"s:602:8:618:Infinity":279,"b:602:12:602:29:602:29:602:64":56,"s:603:10:615:Infinity":280,"s:604:12:604:Infinity":281,"s:605:12:612:Infinity":282,"f:605:23:605:29":49,"s:606:14:611:Infinity":283,"s:607:16:607:Infinity":284,"s:609:16:609:Infinity":285,"s:610:16:610:Infinity":286,"s:614:12:614:Infinity":287,"s:617:10:617:Infinity":288,"s:619:8:619:Infinity":289,"s:620:8:620:Infinity":290,"s:625:2:955:Infinity":291,"b:641:20:641:Infinity:642:20:642:Infinity":57,"b:644:39:644:69:644:69:644:Infinity":58,"b:647:16:651:Infinity:653:16:656:Infinity":59,"b:648:62:648:80:648:80:648:82":60,"b:650:19:650:33:650:33:650:Infinity":61,"f:670:22:670:23":50,"s:671:10:743:Infinity":292,"b:673:53:673:69:673:69:673:84":62,"b:678:20:678:Infinity:679:20:679:Infinity":63,"b:684:17:684:Infinity:685:18:687:Infinity":64,"b:701:19:701:32:701:32:701:Infinity:702:20:718:Infinity":65,"f:703:37:703:38":51,"s:704:24:716:Infinity":293,"b:706:28:710:Infinity:712:28:714:Infinity":66,"b:705:27:705:50:705:50:705:74:705:74:705:Infinity":67,"b:723:42:723:60:723:60:723:Infinity":68,"b:731:21:731:37:731:37:731:Infinity:732:22:732:Infinity":69,"b:736:17:736:Infinity:737:18:739:Infinity":70,"b:747:9:747:Infinity:748:10:761:Infinity":71,"b:765:9:765:Infinity:766:10:792:Infinity":72,"b:799:7:799:Infinity:800:8:832:Infinity":73,"f:805:31:805:32":52,"s:806:14:829:Infinity":294,"b:809:20:813:Infinity:815:20:817:Infinity":74,"b:808:19:808:42:808:42:808:66:808:66:808:Infinity":75,"f:821:27:821:33":53,"s:821:33:821:Infinity":295,"b:838:9:838:Infinity:839:10:865:Infinity":76,"b:856:13:856:Infinity:857:14:860:Infinity":77,"b:862:13:862:Infinity:863:14:863:Infinity":78,"f:871:21:871:27":54,"s:871:27:871:Infinity":296,"b:887:11:887:Infinity:888:12:908:Infinity":79,"b:892:20:892:Infinity:893:20:893:Infinity":80,"b:895:35:895:72:895:72:895:Infinity":81,"b:898:16:904:Infinity:906:16:906:Infinity":82,"f:915:24:915:25":55,"s:915:31:915:Infinity":297,"b:930:22:930:46:930:46:930:Infinity":83,"b:933:18:933:Infinity:934:18:934:Infinity":84,"b:932:14:932:37:932:37:932:Infinity":85,"b:938:14:938:Infinity:940:14:940:Infinity":86,"b:949:9:949:Infinity:950:10:952:Infinity":87}}}
,"C:\\Users\\v-nbayonne\\meuble-de-france-chatbot\\frontend\\src\\components\\Dashboard.jsx": {"path":"C:\\Users\\v-nbayonne\\meuble-de-france-chatbot\\frontend\\src\\components\\Dashboard.jsx","statementMap":{"0":{"start":{"line":5,"column":16},"end":{"line":5,"column":null}},"1":{"start":{"line":7,"column":18},"end":{"line":708,"column":null}},"2":{"start":{"line":8,"column":28},"end":{"line":8,"column":null}},"3":{"start":{"line":9,"column":28},"end":{"line":9,"column":null}},"4":{"start":{"line":10,"column":24},"end":{"line":10,"column":null}},"5":{"start":{"line":11,"column":42},"end":{"line":11,"column":null}},"6":{"start":{"line":12,"column":38},"end":{"line":12,"column":null}},"7":{"start":{"line":13,"column":42},"end":{"line":13,"column":null}},"8":{"start":{"line":14,"column":28},"end":{"line":14,"column":null}},"9":{"start":{"line":17,"column":2},"end":{"line":19,"column":null}},"10":{"start":{"line":18,"column":4},"end":{"line":18,"column":null}},"11":{"start":{"line":21,"column":23},"end":{"line":43,"column":null}},"12":{"start":{"line":22,"column":4},"end":{"line":42,"column":null}},"13":{"start":{"line":23,"column":6},"end":{"line":23,"column":null}},"14":{"start":{"line":24,"column":6},"end":{"line":24,"column":null}},"15":{"start":{"line":25,"column":23},"end":{"line":25,"column":null}},"16":{"start":{"line":26,"column":19},"end":{"line":26,"column":null}},"17":{"start":{"line":28,"column":6},"end":{"line":28,"column":null}},"18":{"start":{"line":29,"column":6},"end":{"line":29,"column":null}},"19":{"start":{"line":30,"column":6},"end":{"line":30,"column":null}},"20":{"start":{"line":32,"column":6},"end":{"line":36,"column":null}},"21":{"start":{"line":33,"column":8},"end":{"line":33,"column":null}},"22":{"start":{"line":35,"column":8},"end":{"line":35,"column":null}},"23":{"start":{"line":38,"column":6},"end":{"line":38,"column":null}},"24":{"start":{"line":39,"column":6},"end":{"line":39,"column":null}},"25":{"start":{"line":41,"column":6},"end":{"line":41,"column":null}},"26":{"start":{"line":45,"column":23},"end":{"line":58,"column":null}},"27":{"start":{"line":46,"column":4},"end":{"line":57,"column":null}},"28":{"start":{"line":47,"column":23},"end":{"line":47,"column":null}},"29":{"start":{"line":48,"column":19},"end":{"line":48,"column":null}},"30":{"start":{"line":50,"column":6},"end":{"line":53,"column":null}},"31":{"start":{"line":51,"column":8},"end":{"line":51,"column":null}},"32":{"start":{"line":52,"column":8},"end":{"line":52,"column":null}},"33":{"start":{"line":55,"column":6},"end":{"line":55,"column":null}},"34":{"start":{"line":56,"column":6},"end":{"line":56,"column":null}},"35":{"start":{"line":60,"column":26},"end":{"line":71,"column":null}},"36":{"start":{"line":62,"column":20},"end":{"line":62,"column":null}},"37":{"start":{"line":63,"column":20},"end":{"line":63,"column":null}},"38":{"start":{"line":65,"column":34},"end":{"line":65,"column":null}},"39":{"start":{"line":67,"column":24},"end":{"line":67,"column":null}},"40":{"start":{"line":68,"column":4},"end":{"line":68,"column":null}},"41":{"start":{"line":69,"column":4},"end":{"line":69,"column":null}},"42":{"start":{"line":70,"column":4},"end":{"line":70,"column":null}},"43":{"start":{"line":74,"column":26},"end":{"line":78,"column":null}},"44":{"start":{"line":75,"column":4},"end":{"line":75,"column":null}},"45":{"start":{"line":75,"column":72},"end":{"line":75,"column":null}},"46":{"start":{"line":76,"column":4},"end":{"line":76,"column":null}},"47":{"start":{"line":76,"column":66},"end":{"line":76,"column":null}},"48":{"start":{"line":77,"column":4},"end":{"line":77,"column":null}},"49":{"start":{"line":80,"column":2},"end":{"line":80,"column":null}},"50":{"start":{"line":81,"column":2},"end":{"line":81,"column":null}},"51":{"start":{"line":82,"column":2},"end":{"line":82,"column":null}},"52":{"start":{"line":85,"column":16},"end":{"line":94,"column":null}},"53":{"start":{"line":87,"column":28},"end":{"line":87,"column":47}},"54":{"start":{"line":88,"column":28},"end":{"line":88,"column":47}},"55":{"start":{"line":89,"column":28},"end":{"line":89,"column":47}},"56":{"start":{"line":90,"column":28},"end":{"line":90,"column":47}},"57":{"start":{"line":91,"column":38},"end":{"line":91,"column":53}},"58":{"start":{"line":92,"column":35},"end":{"line":92,"column":68}},"59":{"start":{"line":93,"column":38},"end":{"line":93,"column":72}},"60":{"start":{"line":96,"column":27},"end":{"line":104,"column":null}},"61":{"start":{"line":97,"column":19},"end":{"line":102,"column":null}},"62":{"start":{"line":103,"column":4},"end":{"line":103,"column":null}},"63":{"start":{"line":106,"column":24},"end":{"line":119,"column":null}},"64":{"start":{"line":107,"column":4},"end":{"line":118,"column":null}},"65":{"start":{"line":109,"column":8},"end":{"line":109,"column":null}},"66":{"start":{"line":111,"column":8},"end":{"line":111,"column":null}},"67":{"start":{"line":113,"column":8},"end":{"line":113,"column":null}},"68":{"start":{"line":115,"column":8},"end":{"line":115,"column":null}},"69":{"start":{"line":117,"column":8},"end":{"line":117,"column":null}},"70":{"start":{"line":121,"column":25},"end":{"line":130,"column":null}},"71":{"start":{"line":122,"column":19},"end":{"line":128,"column":null}},"72":{"start":{"line":129,"column":4},"end":{"line":129,"column":null}},"73":{"start":{"line":132,"column":2},"end":{"line":141,"column":null}},"74":{"start":{"line":133,"column":4},
[...]
3},"end":{"line":582,"column":null}},"type":"cond-expr","locations":[{"start":{"line":581,"column":43},"end":{"line":581,"column":null}},{"start":{"line":582,"column":13},"end":{"line":582,"column":null}}],"line":581},"43":{"loc":{"start":{"line":585,"column":13},"end":{"line":589,"column":null}},"type":"cond-expr","locations":[{"start":{"line":586,"column":16},"end":{"line":586,"column":null}},{"start":{"line":587,"column":16},"end":{"line":589,"column":null}}],"line":585},"44":{"loc":{"start":{"line":587,"column":16},"end":{"line":589,"column":null}},"type":"cond-expr","locations":[{"start":{"line":588,"column":16},"end":{"line":588,"column":null}},{"start":{"line":589,"column":16},"end":{"line":589,"column":null}}],"line":587},"45":{"loc":{"start":{"line":595,"column":7},"end":{"line":666,"column":null}},"type":"binary-expr","locations":[{"start":{"line":595,"column":7},"end":{"line":595,"column":null}},{"start":{"line":596,"column":8},"end":{"line":666,"column":null}}],"line":595},"46":{"loc":{"start":{"line":682,"column":33},"end":{"line":682,"column":86}},"type":"cond-expr","locations":[{"start":{"line":682,"column":55},"end":{"line":682,"column":71}},{"start":{"line":682,"column":71},"end":{"line":682,"column":86}}],"line":682},"47":{"loc":{"start":{"line":686,"column":18},"end":{"line":692,"column":null}},"type":"cond-expr","locations":[{"start":{"line":687,"column":22},"end":{"line":687,"column":null}},{"start":{"line":688,"column":22},"end":{"line":692,"column":null}}],"line":686},"48":{"loc":{"start":{"line":688,"column":22},"end":{"line":692,"column":null}},"type":"cond-expr","locations":[{"start":{"line":689,"column":22},"end":{"line":689,"column":null}},{"start":{"line":690,"column":22},"end":{"line":692,"column":null}}],"line":688},"49":{"loc":{"start":{"line":690,"column":22},"end":{"line":692,"column":null}},"type":"cond-expr","locations":[{"start":{"line":691,"column":22},"end":{"line":691,"column":null}},{"start":{"line":692,"column":22},"end":{"line":692,"column":null}}],"line":690},"50":{"loc":{"start":{"line":696,"column":19},"end":{"line":696,"column":null}},"type":"cond-expr","locations":[{"start":{"line":696,"column":41},"end":{"line":696,"column":53}},{"start":{"line":696,"column":53},"end":{"line":696,"column":null}}],"line":696},"51":{"loc":{"start":{"line":697,"column":19},"end":{"line":700,"column":null}},"type":"binary-expr","locations":[{"start":{"line":697,"column":19},"end":{"line":697,"column":null}},{"start":{"line":698,"column":20},"end":{"line":700,"column":null}}],"line":697},"52":{"loc":{"start":{"line":702,"column":19},"end":{"line":705,"column":null}},"type":"binary-expr","locations":[{"start":{"line":702,"column":19},"end":{"line":702,"column":null}},{"start":{"line":703,"column":20},"end":{"line":705,"column":null}}],"line":702},"53":{"loc":{"start":{"line":709,"column":46},"end":{"line":709,"column":107}},"type":"cond-expr","locations":[{"start":{"line":709,"column":80},"end":{"line":709,"column":95}},{"start":{"line":709,"column":95},"end":{"line":709,"column":107}}],"line":709},"54":{"loc":{"start":{"line":709,"column":46},"end":{"line":709,"column":80}},"type":"binary-expr","locations":[{"start":{"line":709,"column":46},"end":{"line":709,"column":70}},{"start":{"line":709,"column":70},"end":{"line":709,"column":80}}],"line":709},"55":{"loc":{"start":{"line":718,"column":9},"end":{"line":745,"column":null}},"type":"binary-expr","locations":[{"start":{"line":718,"column":9},"end":{"line":718,"column":null}},{"start":{"line":719,"column":10},"end":{"line":745,"column":null}}],"line":718},"56":{"loc":{"start":{"line":749,"column":9},"end":{"line":820,"column":null}},"type":"binary-expr","locations":[{"start":{"line":749,"column":9},"end":{"line":749,"column":21}},{"start":{"line":749,"column":21},"end":{"line":749,"column":null}},{"start":{"line":750,"column":10},"end":{"line":820,"column":null}}],"line":749},"57":{"loc":{"start":{"line":752,"column":15},"end":{"line":803,"column":null}},"type":"binary-expr","locations":[{"start":{"line":752,"column":15},"end":{"line":752,"column":30}},{"start":{"line":752,"column":30},"end":{"line":752,"column":null}},{"start":{"line":753,"column":16},"end":{"line":803,"column":null}}],"line":752},"58":{"loc":{"start":{"line":771,"column":24},"end":{"line":774,"column":null}},"type":"if","locations":[{"start":{"line":771,"column":24},"end":{"line":774,"column":null}},{"start":{},"end":{}}],"line":771},"59":{"loc":{"start":{"line":784,"column":22},"end":{"line":784,"column":80}},"type":"cond-expr","locations":[{"start":{"line":784,"column":47},"end":{"line":784,"column":61}},{"start":{"line":784,"column":61},"end":{"line":784,"column":80}}],"line":784},"60":{"loc":{"start":{"line":806,"column":15},"end":{"line":810,"column":null}},"type":"binary-expr","locations":[{"start":{"line":806,"column":15},"end":{"line":806,"column":null}},{"start":{"line":807,"column":16},"end":{"line":810,"column":null}}],"line":806},"61":{"loc":{"start":{"line":813,"column":15},"end":{"line":817,"column":null}},"type":"binary-expr","locations":[{"start":{"line":813,"column":15},"end":{"line":813,"column":null}},{"start":{"line":814,"column":16},"end":{"line":817,"column":null}}],"line":813},"62":{"loc":{"start":{"line":824,"column":9},"end":{"line":828,"column":null}},"type":"binary-expr","locations":[{"start":{"line":824,"column":9},"end":{"line":824,"column":null}},{"start":{"line":825,"column":10},"end":{"line":828,"column":null}}],"line":824},"63":{"loc":{"start":{"line":833,"column":7},"end":{"line":842,"column":null}},"type":"binary-expr","locations":[{"start":{"line":833,"column":7},"end":{"line":833,"column":null}},{"start":{"line":834,"column":8},"end":{"line":842,"column":null}}],"line":833}},"s":{"0":2,"1":2,"2":2,"3":2,"4":2,"5":60,"6":60,"7":60,"8":60,"9":60,"10":60,"11":60,"12":60,"13":60,"14":60,"15":60,"16":60,"17":60,"18":60,"19":60,"20":60,"21":60,"22":60,"23":60,"24":60,"25":60,"26":31,"27":31,"28":31,"29":0,"30":31,"31":0,"32":31,"33":31,"34":60,"35":31,"36":31,"37":31,"38":31,"39":29,"40":29,"41":29,"42":16,"43":2,"44":2,"45":2,"46":31,"47":60,"48":0,"49":0,"50":0,"51":0,"52":0,"53":0,"54":0,"55":0,"56":0,"57":60,"58":0,"59":0,"60":0,"61":0,"62":0,"63":0,"64":0,"65":0,"66":0,"67":0,"68":0,"69":0,"70":0,"71":0,"72":0,"73":0,"74":0,"75":0,"76":0,"77":0,"78":0,"79":0,"80":0,"81":0,"82":0,"83":0,"84":0,"85":0,"86":0,"87":0,"88":0,"89":0,"90":0,"91":0,"92":0,"93":0,"94":0,"95":0,"96":0,"97":0,"98":0,"99":0,"100":0,"101":0,"102":0,"103":0,"104":0,"105":0,"106":0,"107":0,"108":60,"109":31,"110":31,"111":0,"112":0,"113":0,"114":0,"115":0,"116":0,"117":0,"118":60,"119":0,"120":0,"121":0,"122":0,"123":0,"124":0,"125":0,"126":0,"127":0,"128":0,"129":0,"130":0,"131":0,"132":0,"133":0,"134":0,"135":0,"136":0,"137":0,"138":0,"139":0,"140":0,"141":0,"142":0,"143":0,"144":60,"145":0,"146":0,"147":0,"148":0,"149":0,"150":0,"151":0,"152":0,"153":60,"154":0,"155":0,"156":0,"157":0,"158":0,"159":0,"160":0,"161":0,"162":0,"163":0,"164":0,"165":0,"166":0,"167":0,"168":0,"169":0,"170":60,"171":0,"172":0,"173":0,"174":0,"175":0,"176":0,"177":0,"178":0,"179":0,"180":0,"181":0,"182":0,"183":60,"184":0,"185":0,"186":0,"187":0,"188":0,"189":0,"190":0,"191":0,"192":0,"193":0,"194":0,"195":0,"196":0,"197":0,"198":0,"199":0,"200":0,"201":0,"202":0,"203":0,"204":0,"205":0,"206":0,"207":0,"208":0,"209":0,"210":60,"211":0,"212":0,"213":60,"214":0,"215":0,"216":0,"217":0,"218":0,"219":0,"220":0,"221":0,"222":0,"223":0,"224":0,"225":0,"226":0,"227":0,"228":0,"229":60,"230":0,"231":0,"232":0,"233":0,"234":0,"235":60,"236":0,"237":0,"238":0,"239":0,"240":0,"241":0,"242":0,"243":0,"244":0,"245":0,"246":0,"247":0,"248":0,"249":0,"250":0,"251":0,"252":0,"253":0,"254":0,"255":0,"256":0,"257":60,"258":0,"259":0,"260":0,"261":0,"262":0,"263":0,"264":0,"265":0},"f":{"0":60,"1":31,"2":31,"3":31,"4":31,"5":16,"6":0,"7":0,"8":0,"9":0,"10":0,"11":0,"12":0,"13":31,"14":0,"15":0,"16":0,"17":0,"18":0,"19":0,"20":0,"21":0,"22":0,"23":0,"24":0,"25":0,"26":0,"27":0,"28":0,"29":0,"30":0,"31":0,"32":0,"33":0,"34":0,"35":0},"b":{"0":[2,0],"1":[31,0],"2":[0,31],"3":[0,31],"4":[31,0],"5":[0,0],"6":[0,0],"7":[0,0],"8":[0,0],"9":[0,0],"10":[0,0],"11":[31,0],"12":[31,0],"13":[0,0],"14":[0,0],"15":[0,0],"16":[0,0],"17":[0,0],"18":[0,0],"19":[0,0,0],"20":[0,0],"21":[0,0],"22":[0,0],"23":[0,0],"24":[0],"25":[0,0],"26":[0,0],"27":[0],"28":[0,0],"29":[0,0],"30":[0,0],"31":[0,0],"32":[0,0],"33":[0,0],"34":[0,0],"35":[0,0],"36":[60,58,58,27],"37":[27,25],"38":[27,2],"39":[60,58,58],"40":[25,33],"41":[31,27],"42":[25,2],"43":[25,33],"44":[2,31],"45":[60,58],"46":[0,0],"47":[0,0],"48":[0,0],"49":[0,0],"50":[0,0],"51":[0,0],"52":[0,0],"53":[0,0],"54":[0,0],"55":[60,0],"56":[60,0,0],"57":[0,0,0],"58":[0,0],"59":[0,0],"60":[0,0],"61":[0,0],"62":[60,2],"63":[60,0]},"meta":{"lastBranch":64,"lastFunction":36,"lastStatement":266,"seen":{"s:5:16:5:Infinity":0,"b:5:16:5:48:5:48:5:Infinity":0,"s:6:0:6:Infinity":1,"s:7:0:7:Infinity":2,"s:8:0:8:Infinity":3,"s:14:25:846:Infinity":4,"f:14:25:14:26":0,"s:16:30:16:Infinity":5,"s:17:36:17:Infinity":6,"s:18:38:18:Infinity":7,"s:19:34:19:Infinity":8,"s:20:48:20:Infinity":9,"s:21:52:21:Infinity":10,"s:22:24:22:Infinity":11,"s:23:42:23:Infinity":12,"s:24:40:24:Infinity":13,"s:25:36:25:Infinity":14,"s:26:40:26:Infinity":15,"s:29:8:29:Infinity":16,"s:30:8:30:Infinity":17,"s:31:8:31:Infinity":18,"s:32:8:32:Infinity":19,"s:33:40:33:Infinity":20,"s:34:8:34:Infinity":21,"s:35:8:35:Infinity":22,"s:36:8:36:Infinity":23,"s:37:8:37:Infinity":24,"s:40:2:54:Infinity":25,"f:40:12:40:18":1,"s:41:4:41:Infinity":26,"b:41:35:41:58:41:58:41:85":1,"s:42:4:53:Infinity":27,"f:42:11:42:17":2,"b:44:6:46:Infinity:undefined:undefined:undefined:undefined":2,"s:44:6:46:Infinity":28,"s:45:8:45:Infinity":29,"b:47:6:49:Infinity:undefined:undefined:undefined:undefined":3,"s:47:6:49:Infinity":30,"s:48:8:48:Infinity":31,"b:50:6:52:Infinity:undefined:undefined:undefined:undefined":4,"s:50:6:52:Infinity":32,"s:51:8:51:Infinity":33,"s:57:2:84:Infinity":34,"f:57:12:57:18":3,"s:58:40:81:Infinity":35,"f:58:40:58:52":4,"s:59:6:80:Infinity":36,"s:60:8:60:Infinity":37,"s:61:23:67:Infinity":38,"s:70:8:70:Infinity":39,"s:71:8:71:Infinity":40,"s:74:8:74:Infinity":41,"f:74:35:74:44":5,"s:74:44:74:56":42,"s:77:8:77:Infinity":43,"s:78:8:78:Infinity":44,"s:79:8:79:Infinity":45,"s:83:4:83:Infinity":46,"s:89:25:114:Infinity":47,"f:89:25:89:37":6,"s:90:4:113:Infinity":48,"s:91:6:91:Infinity":49,"s:94:21:100:Infinity":50,"s:102:6:102:Infinity":51,"s:105:6:105:Infinity":52,"s:108:6:108:Infinity":53,"f:108:17:108:23":7,"s:108:23:108:47":54,"s:111:6:111:Infinity":55,"s:112:6:112:Infinity":56,"s:119:25:205:Infinity":57,"f:119:25:119:26":8,"s:120:4:120:Infinity":58,"s:121:4:121:Infinity":59,"s:122:4:122:Infinity":60,"s:125:25:125:Infinity":61,"s:126:19:126:Infinity":62,"s:127:21:127:Infinity":63,"s:128:4:128:Infinity":64,"s:129:4:129:Infinity":65,"s:130:4:130:Infinity":66,"s:131:4:131:Infinity":67,"s:134:22:134:Infinity":68,"s:135:4:138:Infinity":69,"f:135:44:135:50":9,"s:136:22:136:Infinity":70,"s:137:6:137:Infinity":71,"s:141:29:159:Infinity":72,"f:141:29:141:35":10,"b:142:6:142:Infinity:undefined:undefined:undefined:undefined":5,"s:142:6:142:Infinity":73,"s:142:32:142:Infinity":74,"s:144:24:144:Infinity":75,"s:145:6:145:Infinity":76,"s:148:21:148:Infinity":77,"s:149:6:152:Infinity":78,"s:149:19:149:22":79,"s:150:22:150:Infinity":80,"s:151:8:151:Infinity":81,"s:153:6:153:Infinity":82,"s:158:6:158:Infinity":83,"s:161:4:161:Infinity":84,"s:163:26:165:Infinity":85,"s:167:4:171:Infinity":86,"f:167:36:167:37":11,"b:168:6:170:Infinity:undefined:undefined:undefined:undefined":6,"s:168:6:170:Infinity":87,"s:169:8:169:Infinity":88,"s:173:4:198:Infinity":89,"f:173:27:173:39":12,"b:175:6:178:Infinity:undefined:undefined:undefined:undefined":7,"s:175:6:178:Infinity":90,"s:176:8:176:Infinity":91,"s:177:8:177:Infinity":92,"b:179:6:182:Infinity:undefined:undefined:undefined:undefined":8,"s:179:6:182:Infinity":93,"s:180:8:180:Infinity":94,"s:181:8:181:Infinity":95,"s:183:6:183:Infinity":96,"s:184:6:184:Infinity":97,"s:186:24:186:Infinity":98,"b:189:6:197:Infinity:191:13:197:Infinity":9,"s:189:6:197:Infinity":99,"s:190:8:190:Infinity":100,"s:192:8:192:Infinity":101,"b:194:8:196:Infinity:undefined:undefined:undefined:undefined":10,"s:194:8:196:Infinity":102,"s:195:10:195:Infinity":103,"s:200:4:200:Infinity":104,"s:201:4:201:Infinity":105,"s:202:4:202:Infinity":106,"s:204:4:204:Infinity":107,"s:210:2:223:Infinity":108,"f:210:12:210:18":13,"b:211:4:211:Infinity:undefined:undefined:undefined:undefined":11,"s:211:4:211:Infinity":109,"b:211:8:211:24:211:24:211:38":12,"s:211:38:211:Infinity":110,"s:214:18:220:Infinity":111,"f:214:29:214:35":14,"b:215:6:219:Infinity:undefined:undefined:undefined:undefined":13,"s:215:6:219:Infinity":112,"s:216:8:216:Infinity":113,"s:217:8:217:Infinity":114,"s:218:8:218:Infinity":115,"s:222:4:222:Infinity":116,"f:222:11:222:17":15,"s:222:17:222:Infinity":117,"s:228:23:276:Infinity":118,"f:228:23:228:30":16,"s:229:4:229:Infinity":119,"s:230:4:230:Infinity":120,"s:232:4:275:Infinity":121,"s:234:6:234:Infinity":122,"s:235:25:235:Infinity":123,"b:237:6:243:Infinity:undefined:undefined:undefined:undefined":14,"s:237:6:243:Infinity":124,"b:237:10:237:25:237:25:237:57":15,"b:239:8:241:Infinity:undefined:undefined:undefined:undefined":16,"s:239:8:241:Infinity":125,"s:240:10:240:Infinity":126,"s:242:8:242:Infinity":127,"s:245:6:245:Infinity":128,"s:246:6:246:Infinity":129,"s:249:6:249:Infinity":130,"s:250:23:250:Infinity":131,"b:253:6:262:Infinity:258:13:262:Infinity":17,"s:253:6:262:Infinity":132,"s:254:8:254:Infinity":133,"s:256:8:256:Infinity":134,"s:260:8:260:Infinity":135,"s:261:8:261:Infinity":136,"s:265:6:265:Infinity":137,"s:266:6:266:Infinity":138,"s:268:6:268:Infinity":139,"s:269:6:269:Infinity":140,"b:272:6:274:Infinity:undefined:undefined:undefined:undefined":18,"s:272:6:274:Infinity":141,"b:272:10:272:22:272:22:272:58:272:58:272:74":19,"s:273:8:273:Infinity":142,"f:273:19:273:25":17,"s:273:25:273:74":143,"s:281:26:297:Infinity":144,"f:281:26:281:33":18,"s:282:21:282:Infinity":145,"s:283:4:283:Infinity":146,"s:285:21:288:Infinity":147,"b:290:4:292:Infinity:undefined:undefined:undefined:undefined":20,"s:290:4:292:Infinity":148,"s:291:6:291:Infinity":149,"s:294:17:294:Infinity":150,"s:295:4:295:Infinity":151,"s:296:4:296:Infinity":152,"s:302:26:334:Infinity":153,"f:302:26:302:33":19,"s:303:4:333:Infinity":154,"s:304:6:304:Infinity":155,"s:305:23:315:Infinity":156,"f:310:56:310:64":20,"s:310:64:313:12":157,"s:317:6:317:Infinity":158,"b:319:6:323:Infinity:undefined:undefined:undefined:undefined":21,"s:319:6:323:Infinity":159,"s:320:26:320:Infinity":160,"s:321:8:321:Infinity":161,"s:322:8:322:Infinity":162,"s:325:19:325:Infinity":163,"s:326:6:326:Infinity":164,"s:327:6:327:Infinity":165,"s:328:6:328:Infinity":166,"s:329:6:329:Infinity":167,"s:331:6:331:Infinity":168,"s:332:6:332:Infinity":169,"s:339:23:374:Infinity":170,"f:339:23:339:30":21,"s:340:4:373:Infinity":171,"s:341:6:341:Infinity":172,"s:344:25:346:Infinity":173,"f:345:13:345:20":22,"s:345:20:345:85":174,"b:345:45:345:56:345:56:345:67":22,"s:348:23:358:Infinity":175,"b:360:6:362:Infinity:undefined:undefined:undefined:undefined":23,"s:360:6:362:Infinity":176,"s:361:8:361:Infinity":177,"s:364:21:364:Infinity":178,"s:365:6:365:Infinity":179,"s:368:6:368:Infinity":180,"s:371:6:371:Infinity":181,"s:372:6:372:Infinity":182,"s:379:31:430:Infinity":183,"f:379:31:379:38":23,"b:379:68:379:78":24,"s:381:4:381:Infinity":184,"b:383:4:429:Infinity:undefined:undefined:undefined:undefined":25,"s:383:4:429:Infinity":185,"s:384:6:384:Infinity":186,"s:386:6:428:Infinity":187,"s:387:25:387:Infinity":188,"s:388:8:388:Infinity":189,"s:389:8:389:Infinity":190,"s:391:25:394:Infinity":191,"b:396:8:398:Infinity:undefined:undefined:undefined:undefined":26,"s:396:8:398:Infinity":192,"s:397:10:397:Infinity":193,"s:400:26:400:Infinity":194,"s:401:25:401:Infinity":195,"s:404:22:404:Infinity":196,"s:405:8:405:Infinity":197,"s:407:8:414:Infinity":198,"s:408:10:408:Infinity":199,"s:409:10:409:Infinity":200,"s:411:10:411:Infinity":201,"s:412:10:412:Infinity":202,"s:413:10:413:Infinity":203,"s:417:8:419:Infinity":204,"f:417:26:417:27":24,"s:418:10:418:Infinity":205,"s:421:8:421:Infinity":206,"s:424:8:424:Infinity":207,"s:425:8:425:Infinity":208,"s:427:8:427:Infinity":209,"s:435:23:443:Infinity":210,"f:435:23:435:24":25,"b:435:57:435:67":27,"s:436:4:442:Infinity":211,"f:436:27:436:35":26,"s:436:35:442:6":212,"s:448:30:476:Infinity":213,"f:448:30:448:42":27,"b:449:4:449:Infinity:undefined:undefined:undefined:undefined":28,"s:449:4:449:Infinity":214,"s:449:24:449:Infinity":215,"s:451:4:451:Infinity":216,"s:452:4:452:Infinity":217,"s:454:4:475:Infinity":218,"s:455:6:455:Infinity":219,"s:458:29:458:Infinity":220,"s:459:6:459:Infinity":221,"s:462:6:462:Infinity":222,"s:465:6:467:Infinity":223,"f:465:17:465:23":28,"s:466:8:466:Infinity":224,"s:470:6:470:Infinity":225,"s:471:6:471:Infinity":226,"s:473:6:473:Infinity":227,"s:474:6:474:Infinity":228,"s:481:29:491:Infinity":229,"f:481:29:481:35":29,"s:482:4:482:Infinity":230,"s:485:4:485:Infinity":231,"b:488:4:490:Infinity:undefined:undefined:undefined:undefined":29,"s:488:4:490:Infinity":232,"b:488:8:488:20:488:20:488:54":30,"s:489:6:489:Infinity":233,"f:489:17:489:23":30,"s:489:23:489:72":234,"s:496:24:530:Infinity":235,"f:496:24:496:30":31,"b:498:4:500:Infinity:undefined:undefined:undefined:undefined":31,"s:498:4:500:Infinity":236,"s:499:6:499:Infinity":237,"b:503:4:505:Infinity:undefined:undefined:undefined:undefined":32,"s:503:4:505:Infinity":238,"s:504:6:504:Infinity":239,"f:504:58:504:67":32,"s:504:67:504:79":240,"b:508:4:511:Infinity:undefined:undefined:undefined:undefined":33,"s:508:4:511:Infinity":241,"s:509:6:509:Infinity":242,"s:510:6:510:Infinity":243,"b:514:4:517:Infinity:undefined:undefined:undefined:undefined":34,"s:514:4:517:Infinity":244,"s:515:6:515:Infinity":245,"s:516:6:516:Infinity":246,"b:518:4:521:Infinity:undefined:undefined:undefined:undefined":35,"s:518:4:521:Infinity":247,"s:519:6:519:Infinity":248,"s:520:6:520:Infinity":249,"s:523:4:523:Infinity":250,"s:524:4:524:Infinity":251,"s:525:4:525:Infinity":252,"s:526:4:526:Infinity":253,"s:527:4:527:Infinity":254,"s:528:4:528:Infinity":255,"s:529:4:529:Infinity":256,"s:532:2:844:Infinity":257,"b:546:7:546:20:546:20:546:56:546:56:546:Infinity:547:8:564:Infinity":36,"b:548:11:548:Infinity:549:12:554:Infinity":37,"b:556:11:556:Infinity:557:12:562:Infinity":38,"b:568:7:568:20:568:20:568:Infinity:569:8:591:Infinity":39,"b:575:18:575:Infinity:576:18:576:Infinity":40,"b:580:38:580:Infinity:581:13:582:Infinity":41,"b:581:43:581:Infinity:582:13:582:Infinity":42,"b:586:16:586:Infinity:587:16:589:Infinity":43,"b:588:16:588:Infinity:589:16:589:Infinity":44,"b:595:7:595:Infinity:596:8:666:Infinity":45,"f:673:33:673:34":33,"s:675:26:675:Infinity":258,"s:677:39:677:Infinity":259,"s:679:10:713:Infinity":260,"b:682:55:682:71:682:71:682:86":46,"b:687:22:687:Infinity:688:22:692:Infinity":47,"b:689:22:689:Infinity:690:22:692:Infinity":48,"b:691:22:691:Infinity:692:22:692:Infinity":49,"b:696:41:696:53:696:53:696:Infinity":50,"b:697:19:697:Infinity:698:20:700:Infinity":51,"b:702:19:702:Infinity:703:20:705:Infinity":52,"b:709:80:709:95:709:95:709:107":53,"b:709:46:709:70:709:70:709:80":54,"b:718:9:718:Infinity:719:10:745:Infinity":55,"b:749:9:749:21:749:21:749:Infinity:750:10:820:Infinity":56,"b:752:15:752:30:752:30:752:Infinity:753:16:803:Infinity":57,"f:770:31:770:37":34,"b:771:24:774:Infinity:undefined:undefined:undefined:undefined":58,"s:771:24:774:Infinity":261,"s:772:26:772:Infinity":262,"s:773:26:773:Infinity":263,"b:784:47:784:61:784:61:784:80":59,"f:784:84:784:85":35,"s:785:47:785:Infinity":264,"s:786:22:794:Infinity":265,"b:806:15:806:Infinity:807:16:810:Infinity":60,"b:813:15:813:Infinity:814:16:817:Infinity":61,"b:824:9:824:Infinity:825:10:828:Infinity":62,"b:833:7:833:Infinity:834:8:842:Infinity":63}}}
}
