TN:
SF:src\App.jsx
FN:7,App
FN:17,(anonymous_1)
FN:29,(anonymous_2)
FN:41,(anonymous_3)
FNF:4
FNH:4
FNDA:22,App
FNDA:2,(anonymous_1)
FNDA:1,(anonymous_2)
FNDA:5,(anonymous_3)
DA:8,22
DA:10,22
DA:17,2
DA:29,1
DA:41,5
LF:5
LH:5
BRDA:19,0,0,15
BRDA:19,0,1,6
BRDA:31,1,0,1
BRDA:31,1,1,20
BRDA:43,2,0,5
BRDA:43,2,1,16
BRDA:58,3,0,15
BRDA:58,3,1,6
BRDA:61,4,0,1
BRDA:61,4,1,20
BRDA:64,5,0,5
BRDA:64,5,1,16
BRF:12
BRH:12
end_of_record
TN:
SF:src\components\ChatInterface.jsx
FN:13,(anonymous_0)
FN:18,(anonymous_1)
FN:32,(anonymous_2)
FN:46,(anonymous_3)
FN:55,(anonymous_4)
FN:60,(anonymous_5)
FN:79,(anonymous_6)
FN:99,(anonymous_7)
FN:109,(anonymous_8)
FN:129,(anonymous_9)
FN:150,(anonymous_10)
FN:159,(anonymous_11)
FN:171,(anonymous_12)
FN:180,(anonymous_13)
FN:188,(anonymous_14)
FN:213,(anonymous_15)
FN:219,(anonymous_16)
FN:224,(anonymous_17)
FN:229,(anonymous_18)
FN:239,(anonymous_19)
FN:247,(anonymous_20)
FN:254,(anonymous_21)
FN:264,(anonymous_22)
FN:281,(anonymous_23)
FN:301,(anonymous_24)
FN:310,(anonymous_25)
FN:325,(anonymous_26)
FN:374,(anonymous_27)
FN:385,(anonymous_28)
FN:393,(anonymous_29)
FN:404,(anonymous_30)
FN:422,(anonymous_31)
FN:427,(anonymous_32)
FN:437,(anonymous_33)
FN:471,(anonymous_34)
FN:478,(anonymous_35)
FN:485,(anonymous_36)
FN:496,(anonymous_37)
FN:506,(anonymous_38)
FN:510,(anonymous_39)
FN:516,(anonymous_40)
FN:521,(anonymous_41)
FN:540,(anonymous_42)
FN:553,(anonymous_43)
FN:561,(anonymous_44)
FN:562,(anonymous_45)
FN:562,(anonymous_46)
FN:565,(anonymous_47)
FN:573,(anonymous_48)
FN:605,(anonymous_49)
FN:670,(anonymous_50)
FN:703,(anonymous_51)
FN:805,(anonymous_52)
FN:821,(anonymous_53)
FN:871,(anonymous_54)
FN:915,(anonymous_55)
FNF:56
FNH:32
FNDA:382,(anonymous_0)
FNDA:45,(anonymous_1)
FNDA:45,(anonymous_2)
FNDA:43,(anonymous_3)
FNDA:129,(anonymous_4)
FNDA:45,(anonymous_5)
FNDA:0,(anonymous_6)
FNDA:0,(anonymous_7)
FNDA:0,(anonymous_8)
FNDA:45,(anonymous_9)
FNDA:1,(anonymous_10)
FNDA:45,(anonymous_11)
FNDA:45,(anonymous_12)
FNDA:45,(anonymous_13)
FNDA:59,(anonymous_14)
FNDA:0,(anonymous_15)
FNDA:0,(anonymous_16)
FNDA:0,(anonymous_17)
FNDA:0,(anonymous_18)
FNDA:0,(anonymous_19)
FNDA:1,(anonymous_20)
FNDA:21,(anonymous_21)
FNDA:21,(anonymous_22)
FNDA:0,(anonymous_23)
FNDA:0,(anonymous_24)
FNDA:0,(anonymous_25)
FNDA:0,(anonymous_26)
FNDA:16,(anonymous_27)
FNDA:14,(anonymous_28)
FNDA:3,(anonymous_29)
FNDA:1,(anonymous_30)
FNDA:0,(anonymous_31)
FNDA:0,(anonymous_32)
FNDA:3,(anonymous_33)
FNDA:1,(anonymous_34)
FNDA:1,(anonymous_35)
FNDA:0,(anonymous_36)
FNDA:1,(anonymous_37)
FNDA:1,(anonymous_38)
FNDA:1,(anonymous_39)
FNDA:2,(anonymous_40)
FNDA:2,(anonymous_41)
FNDA:2,(anonymous_42)
FNDA:0,(anonymous_43)
FNDA:0,(anonymous_44)
FNDA:0,(anonymous_45)
FNDA:0,(anonymous_46)
FNDA:242,(anonymous_47)
FNDA:1,(anonymous_48)
FNDA:0,(anonymous_49)
FNDA:494,(anonymous_50)
FNDA:0,(anonymous_51)
FNDA:0,(anonymous_52)
FNDA:0,(anonymous_53)
FNDA:0,(anonymous_54)
FNDA:240,(anonymous_55)
DA:6,2
DA:9,2
DA:10,2
DA:13,2
DA:14,382
DA:15,382
DA:16,382
DA:17,382
DA:18,382
DA:19,382
DA:20,382
DA:21,382
DA:22,382
DA:23,382
DA:24,382
DA:25,382
DA:26,382
DA:27,382
DA:28,382
DA:29,382
DA:32,382
DA:33,45
DA:39,45
DA:46,45
DA:47,43
DA:48,43
DA:49,43
DA:55,382
DA:56,129
DA:60,382
DA:61,45
DA:63,45
DA:64,0
DA:65,0
DA:66,0
DA:69,45
DA:70,45
DA:73,45
DA:74,45
DA:75,45
DA:76,45
DA:79,45
DA:80,0
DA:81,0
DA:83,0
DA:84,0
DA:85,0
DA:86,0
DA:88,0
DA:93,0
DA:94,0
DA:98,0
DA:99,0
DA:100,0
DA:101,0
DA:102,0
DA:104,0
DA:109,45
DA:110,0
DA:113,0
DA:114,0
DA:115,0
DA:116,0
DA:117,0
DA:118,0
DA:120,0
DA:123,0
DA:124,0
DA:125,0
DA:129,45
DA:130,45
DA:133,45
DA:134,0
DA:135,0
DA:136,0
DA:138,0
DA:139,0
DA:140,0
DA:143,45
DA:144,45
DA:145,45
DA:150,45
DA:151,1
DA:152,1
DA:153,1
DA:156,45
DA:159,45
DA:160,45
DA:161,45
DA:162,45
DA:164,0
DA:171,382
DA:172,45
DA:173,45
DA:174,45
DA:176,0
DA:180,45
DA:181,45
DA:182,45
DA:188,382
DA:189,59
DA:192,59
DA:195,59
DA:203,59
DA:206,59
DA:207,59
DA:208,59
DA:209,59
DA:212,59
DA:213,59
DA:214,59
DA:215,0
DA:219,59
DA:220,0
DA:221,0
DA:224,59
DA:225,0
DA:226,0
DA:229,59
DA:230,0
DA:231,0
DA:235,59
DA:239,382
DA:240,0
DA:241,0
DA:242,0
DA:247,382
DA:248,1
DA:249,0
DA:251,1
DA:254,382
DA:255,21
DA:258,21
DA:264,21
DA:265,21
DA:266,21
DA:267,21
DA:268,21
DA:270,21
DA:273,21
DA:275,21
DA:281,0
DA:285,19
DA:286,2
DA:289,17
DA:292,17
DA:294,0
DA:301,0
DA:302,0
DA:305,0
DA:306,0
DA:310,0
DA:311,0
DA:312,0
DA:315,0
DA:316,0
DA:319,0
DA:321,0
DA:325,0
DA:326,0
DA:353,0
DA:361,0
DA:365,17
DA:374,17
DA:377,17
DA:378,3
DA:379,3
DA:383,14
DA:385,14
DA:386,14
DA:392,3
DA:393,3
DA:399,20
DA:404,382
DA:405,1
DA:407,1
DA:409,1
DA:411,1
DA:413,0
DA:415,0
DA:422,0
DA:423,0
DA:426,0
DA:427,0
DA:428,0
DA:432,0
DA:436,1
DA:437,3
DA:441,1
DA:443,1
DA:456,1
DA:457,0
DA:460,1
DA:461,1
DA:464,1
DA:471,1
DA:474,1
DA:477,1
DA:478,1
DA:479,1
DA:484,0
DA:485,0
DA:491,1
DA:496,382
DA:497,1
DA:500,1
DA:506,1
DA:509,1
DA:510,1
DA:511,1
DA:516,382
DA:517,2
DA:518,2
DA:521,2
DA:522,2
DA:523,2
DA:525,2
DA:526,0
DA:527,0
DA:529,2
DA:530,0
DA:531,0
DA:533,2
DA:536,2
DA:539,2
DA:540,2
DA:542,2
DA:543,2
DA:548,2
DA:549,1
DA:552,1
DA:553,1
DA:556,1
DA:557,1
DA:561,382
DA:562,0
DA:565,382
DA:566,242
DA:567,2
DA:568,2
DA:573,382
DA:574,1
DA:575,0
DA:576,0
DA:579,1
DA:581,0
DA:582,0
DA:583,0
DA:584,0
DA:585,0
DA:586,0
DA:588,0
DA:589,0
DA:590,0
DA:594,1
DA:595,1
DA:596,1
DA:597,1
DA:599,0
DA:602,0
DA:603,0
DA:604,0
DA:605,0
DA:606,0
DA:607,0
DA:609,0
DA:610,0
DA:614,0
DA:617,0
DA:619,0
DA:620,0
DA:625,382
DA:671,494
DA:704,0
DA:806,0
DA:821,0
DA:871,0
DA:915,240
LF:278
LH:169
BRDA:6,0,0,2
BRDA:6,0,1,0
BRDA:9,1,0,2
BRDA:9,1,1,0
BRDA:47,2,0,43
BRDA:47,2,1,0
BRDA:61,3,0,45
BRDA:61,3,1,0
BRDA:63,4,0,0
BRDA:63,4,1,45
BRDA:85,5,0,0
BRDA:85,5,1,0
BRDA:93,6,0,0
BRDA:93,6,1,0
BRDA:98,7,0,0
BRDA:98,7,1,0
BRDA:102,8,0,0
BRDA:102,8,1,0
BRDA:113,9,0,0
BRDA:113,9,1,0
BRDA:113,10,0,0
BRDA:113,10,1,0
BRDA:115,11,0,0
BRDA:115,11,1,0
BRDA:117,12,0,0
BRDA:117,12,1,0
BRDA:133,13,0,0
BRDA:133,13,1,45
BRDA:133,14,0,45
BRDA:133,14,1,1
BRDA:160,15,0,45
BRDA:160,15,1,0
BRDA:172,16,0,45
BRDA:172,16,1,0
BRDA:181,17,0,45
BRDA:181,17,1,0
BRDA:189,18,0,0
BRDA:189,18,1,59
BRDA:189,19,0,59
BRDA:189,19,1,59
BRDA:214,20,0,0
BRDA:214,20,1,59
BRDA:240,21,0,0
BRDA:240,21,1,0
BRDA:248,22,0,0
BRDA:248,22,1,1
BRDA:255,23,0,0
BRDA:255,23,1,21
BRDA:255,24,0,21
BRDA:255,24,1,0
BRDA:261,25,0,0
BRDA:261,25,1,21
BRDA:273,26,0,21
BRDA:273,26,1,0
BRDA:273,27,0,0
BRDA:273,27,1,0
BRDA:285,28,0,2
BRDA:285,28,1,17
BRDA:292,29,0,0
BRDA:292,29,1,17
BRDA:305,30,0,0
BRDA:305,30,1,0
BRDA:305,31,0,0
BRDA:305,31,1,0
BRDA:377,32,0,3
BRDA:377,32,1,14
BRDA:383,33,0,14
BRDA:383,33,1,0
BRDA:383,34,0,14
BRDA:383,34,1,14
BRDA:405,35,0,0
BRDA:405,35,1,1
BRDA:411,36,0,0
BRDA:411,36,1,1
BRDA:426,37,0,0
BRDA:426,37,1,0
BRDA:437,38,0,1
BRDA:437,38,1,2
BRDA:441,39,0,1
BRDA:441,39,1,1
BRDA:449,40,0,1
BRDA:449,40,1,1
BRDA:456,41,0,0
BRDA:456,41,1,1
BRDA:477,42,0,1
BRDA:477,42,1,0
BRDA:509,43,0,1
BRDA:509,43,1,0
BRDA:518,44,0,0
BRDA:518,44,1,2
BRDA:525,45,0,0
BRDA:525,45,1,2
BRDA:529,46,0,0
BRDA:529,46,1,2
BRDA:536,47,0,0
BRDA:536,47,1,2
BRDA:548,48,0,1
BRDA:548,48,1,1
BRDA:566,49,0,2
BRDA:566,49,1,240
BRDA:566,50,0,242
BRDA:566,50,1,2
BRDA:574,51,0,0
BRDA:574,51,1,1
BRDA:574,52,0,1
BRDA:574,52,1,1
BRDA:579,53,0,0
BRDA:579,53,1,1
BRDA:579,54,0,1
BRDA:579,54,1,1
BRDA:602,55,0,0
BRDA:602,55,1,0
BRDA:602,56,0,0
BRDA:602,56,1,0
BRDA:640,57,0,379
BRDA:640,57,1,1
BRDA:644,58,0,379
BRDA:644,58,1,1
BRDA:646,59,0,379
BRDA:646,59,1,1
BRDA:648,60,0,0
BRDA:648,60,1,379
BRDA:650,61,0,379
BRDA:650,61,1,0
BRDA:673,62,0,89
BRDA:673,62,1,405
BRDA:677,63,0,89
BRDA:677,63,1,405
BRDA:684,64,0,494
BRDA:684,64,1,405
BRDA:701,65,0,494
BRDA:701,65,1,0
BRDA:701,65,2,0
BRDA:705,66,0,0
BRDA:705,66,1,0
BRDA:705,67,0,0
BRDA:705,67,1,0
BRDA:705,67,2,0
BRDA:723,68,0,89
BRDA:723,68,1,405
BRDA:731,69,0,494
BRDA:731,69,1,0
BRDA:731,69,2,0
BRDA:736,70,0,494
BRDA:736,70,1,89
BRDA:747,71,0,382
BRDA:747,71,1,22
BRDA:765,72,0,382
BRDA:765,72,1,4
BRDA:799,73,0,382
BRDA:799,73,1,0
BRDA:808,74,0,0
BRDA:808,74,1,0
BRDA:808,75,0,0
BRDA:808,75,1,0
BRDA:808,75,2,0
BRDA:838,76,0,382
BRDA:838,76,1,1
BRDA:856,77,0,1
BRDA:856,77,1,0
BRDA:862,78,0,1
BRDA:862,78,1,1
BRDA:887,79,0,382
BRDA:887,79,1,335
BRDA:891,80,0,1
BRDA:891,80,1,334
BRDA:895,81,0,1
BRDA:895,81,1,334
BRDA:897,82,0,1
BRDA:897,82,1,334
BRDA:930,83,0,382
BRDA:930,83,1,138
BRDA:932,84,0,242
BRDA:932,84,1,138
BRDA:932,85,0,382
BRDA:932,85,1,138
BRDA:937,86,0,22
BRDA:937,86,1,358
BRDA:949,87,0,382
BRDA:949,87,1,0
BRF:180
BRH:102
end_of_record
TN:
SF:src\components\Dashboard.jsx
FN:7,(anonymous_0)
FN:17,(anonymous_1)
FN:21,(anonymous_2)
FN:45,(anonymous_3)
FN:60,(anonymous_4)
FN:74,(anonymous_5)
FN:87,(anonymous_6)
FN:88,(anonymous_7)
FN:89,(anonymous_8)
FN:90,(anonymous_9)
FN:91,(anonymous_10)
FN:92,(anonymous_11)
FN:93,(anonymous_12)
FN:96,(anonymous_13)
FN:106,(anonymous_14)
FN:121,(anonymous_15)
FN:201,(anonymous_16)
FN:216,(anonymous_17)
FN:256,(anonymous_18)
FN:308,(anonymous_19)
FN:331,(anonymous_20)
FN:331,(anonymous_21)
FN:338,(anonymous_22)
FN:511,(anonymous_23)
FN:524,(anonymous_24)
FN:671,(anonymous_25)
FNF:26
FNH:17
FNDA:148,(anonymous_0)
FNDA:54,(anonymous_1)
FNDA:55,(anonymous_2)
FNDA:0,(anonymous_3)
FNDA:0,(anonymous_4)
FNDA:168,(anonymous_5)
FNDA:168,(anonymous_6)
FNDA:168,(anonymous_7)
FNDA:168,(anonymous_8)
FNDA:168,(anonymous_9)
FNDA:168,(anonymous_10)
FNDA:168,(anonymous_11)
FNDA:168,(anonymous_12)
FNDA:159,(anonymous_13)
FNDA:159,(anonymous_14)
FNDA:159,(anonymous_15)
FNDA:6,(anonymous_16)
FNDA:2,(anonymous_17)
FNDA:159,(anonymous_18)
FNDA:0,(anonymous_19)
FNDA:0,(anonymous_20)
FNDA:0,(anonymous_21)
FNDA:0,(anonymous_22)
FNDA:0,(anonymous_23)
FNDA:0,(anonymous_24)
FNDA:0,(anonymous_25)
DA:5,2
DA:7,2
DA:8,148
DA:9,148
DA:10,148
DA:11,148
DA:12,148
DA:13,148
DA:14,148
DA:17,148
DA:18,54
DA:21,148
DA:22,55
DA:23,55
DA:24,55
DA:25,55
DA:26,54
DA:28,54
DA:29,54
DA:30,55
DA:32,55
DA:33,51
DA:35,3
DA:38,0
DA:39,0
DA:41,54
DA:45,148
DA:46,0
DA:47,0
DA:48,0
DA:50,0
DA:51,0
DA:52,0
DA:55,0
DA:56,0
DA:60,148
DA:62,0
DA:63,0
DA:65,0
DA:67,0
DA:68,0
DA:69,0
DA:70,0
DA:74,148
DA:75,168
DA:76,162
DA:77,159
DA:80,148
DA:81,148
DA:82,148
DA:85,148
DA:87,168
DA:88,168
DA:89,168
DA:90,168
DA:91,168
DA:92,168
DA:93,168
DA:96,148
DA:97,159
DA:103,159
DA:106,148
DA:107,159
DA:109,0
DA:111,0
DA:113,0
DA:115,0
DA:117,159
DA:121,148
DA:122,159
DA:129,159
DA:132,148
DA:133,55
DA:143,91
DA:144,6
DA:160,85
DA:201,6
DA:216,2
DA:257,159
DA:308,0
DA:331,0
DA:338,0
DA:512,0
DA:524,0
DA:672,0
LF:85
LH:58
BRDA:5,0,0,2
BRDA:5,0,1,0
BRDA:32,1,0,51
BRDA:32,1,1,3
BRDA:35,2,0,3
BRDA:35,2,1,0
BRDA:50,3,0,0
BRDA:50,3,1,0
BRDA:75,4,0,6
BRDA:75,4,1,162
BRDA:75,5,0,168
BRDA:75,5,1,12
BRDA:76,6,0,3
BRDA:76,6,1,159
BRDA:76,7,0,162
BRDA:76,7,1,3
BRDA:103,8,0,159
BRDA:103,8,1,0
BRDA:107,9,0,0
BRDA:107,9,1,0
BRDA:107,9,2,0
BRDA:107,9,3,0
BRDA:107,9,4,159
BRDA:129,10,0,159
BRDA:129,10,1,159
BRDA:132,11,0,55
BRDA:132,11,1,93
BRDA:143,12,0,6
BRDA:143,12,1,85
BRDA:249,13,0,3
BRDA:249,13,1,82
BRDA:259,14,0,159
BRDA:259,14,1,0
BRDA:277,15,0,159
BRDA:277,15,1,0
BRDA:280,16,0,0
BRDA:280,16,1,159
BRDA:281,17,0,0
BRDA:281,17,1,159
BRDA:282,18,0,0
BRDA:282,18,1,159
BRDA:324,19,0,148
BRDA:324,19,1,0
BRDA:324,19,2,0
BRDA:415,20,0,0
BRDA:415,20,1,0
BRDA:419,21,0,0
BRDA:419,21,1,0
BRDA:447,22,0,0
BRDA:447,22,1,0
BRDA:465,23,0,0
BRDA:465,23,1,0
BRDA:481,24,0,0
BRDA:481,24,1,0
BRDA:482,25,0,0
BRDA:482,25,1,0
BRDA:487,26,0,0
BRDA:487,26,1,0
BRDA:491,27,0,0
BRDA:491,27,1,0
BRDA:495,28,0,0
BRDA:495,28,1,0
BRDA:497,29,0,0
BRDA:497,29,1,0
BRDA:507,30,0,0
BRDA:507,30,1,0
BRDA:507,30,2,0
BRDA:519,31,0,0
BRDA:519,31,1,0
BRDA:519,31,2,0
BRDA:527,32,0,0
BRDA:527,32,1,0
BRDA:527,32,2,0
BRDA:556,33,0,0
BRDA:556,33,1,0
BRDA:562,34,0,0
BRDA:562,34,1,0
BRDA:569,35,0,0
BRDA:569,35,1,0
BRDA:581,36,0,0
BRDA:581,36,1,0
BRDA:587,37,0,0
BRDA:587,37,1,0
BRDA:589,38,0,0
BRDA:589,38,1,0
BRDA:593,39,0,0
BRDA:593,39,1,0
BRDA:594,40,0,0
BRDA:594,40,1,0
BRDA:598,41,0,0
BRDA:598,41,1,0
BRDA:612,42,0,0
BRDA:612,42,1,0
BRDA:625,43,0,0
BRDA:625,43,1,0
BRDA:642,44,0,0
BRDA:642,44,1,0
BRDA:648,45,0,0
BRDA:648,45,1,0
BRDA:650,46,0,0
BRDA:650,46,1,0
BRDA:656,47,0,0
BRDA:656,47,1,0
BRDA:667,48,0,0
BRDA:667,48,1,0
BRDA:667,48,2,0
BRF:106
BRH:28
end_of_record
TN:
SF:src\components\VoiceChatWhisper.jsx
FN:14,(anonymous_0)
FN:40,(anonymous_1)
FN:42,(anonymous_2)
FN:57,(anonymous_3)
FN:58,(anonymous_4)
FN:74,(anonymous_5)
FN:89,(anonymous_6)
FN:108,(anonymous_7)
FN:119,(anonymous_8)
FN:135,(anonymous_9)
FN:141,(anonymous_10)
FN:167,(anonymous_11)
FN:173,(anonymous_12)
FN:210,(anonymous_13)
FN:214,(anonymous_14)
FN:222,(anonymous_15)
FN:228,(anonymous_16)
FN:273,(anonymous_17)
FN:281,(anonymous_18)
FN:302,(anonymous_19)
FN:310,(anonymous_20)
FN:339,(anonymous_21)
FN:345,(anonymous_22)
FN:379,(anonymous_23)
FN:417,(anonymous_24)
FN:435,(anonymous_25)
FN:436,(anonymous_26)
FN:448,(anonymous_27)
FN:465,(anonymous_28)
FN:481,(anonymous_29)
FN:489,(anonymous_30)
FN:496,(anonymous_31)
FN:504,(anonymous_32)
FN:673,(anonymous_33)
FN:770,(anonymous_34)
FN:784,(anonymous_35)
FNF:36
FNH:7
FNDA:60,(anonymous_0)
FNDA:31,(anonymous_1)
FNDA:31,(anonymous_2)
FNDA:31,(anonymous_3)
FNDA:31,(anonymous_4)
FNDA:16,(anonymous_5)
FNDA:0,(anonymous_6)
FNDA:0,(anonymous_7)
FNDA:0,(anonymous_8)
FNDA:0,(anonymous_9)
FNDA:0,(anonymous_10)
FNDA:0,(anonymous_11)
FNDA:0,(anonymous_12)
FNDA:31,(anonymous_13)
FNDA:0,(anonymous_14)
FNDA:0,(anonymous_15)
FNDA:0,(anonymous_16)
FNDA:0,(anonymous_17)
FNDA:0,(anonymous_18)
FNDA:0,(anonymous_19)
FNDA:0,(anonymous_20)
FNDA:0,(anonymous_21)
FNDA:0,(anonymous_22)
FNDA:0,(anonymous_23)
FNDA:0,(anonymous_24)
FNDA:0,(anonymous_25)
FNDA:0,(anonymous_26)
FNDA:0,(anonymous_27)
FNDA:0,(anonymous_28)
FNDA:0,(anonymous_29)
FNDA:0,(anonymous_30)
FNDA:0,(anonymous_31)
FNDA:0,(anonymous_32)
FNDA:0,(anonymous_33)
FNDA:0,(anonymous_34)
FNDA:0,(anonymous_35)
DA:5,2
DA:6,2
DA:7,2
DA:8,2
DA:14,2
DA:16,60
DA:17,60
DA:18,60
DA:19,60
DA:20,60
DA:21,60
DA:22,60
DA:23,60
DA:24,60
DA:25,60
DA:26,60
DA:29,60
DA:30,60
DA:31,60
DA:32,60
DA:33,60
DA:34,60
DA:35,60
DA:36,60
DA:37,60
DA:40,60
DA:41,31
DA:42,31
DA:44,31
DA:45,0
DA:47,31
DA:48,0
DA:50,31
DA:51,31
DA:57,60
DA:58,31
DA:59,31
DA:60,31
DA:61,31
DA:70,29
DA:71,29
DA:74,29
DA:77,2
DA:78,2
DA:79,2
DA:83,31
DA:89,60
DA:90,0
DA:91,0
DA:94,0
DA:102,0
DA:105,0
DA:108,0
DA:111,0
DA:112,0
DA:119,60
DA:120,0
DA:121,0
DA:122,0
DA:125,0
DA:126,0
DA:127,0
DA:128,0
DA:129,0
DA:130,0
DA:131,0
DA:134,0
DA:135,0
DA:136,0
DA:137,0
DA:141,0
DA:142,0
DA:144,0
DA:145,0
DA:148,0
DA:149,0
DA:150,0
DA:151,0
DA:153,0
DA:158,0
DA:161,0
DA:163,0
DA:167,0
DA:168,0
DA:169,0
DA:173,0
DA:175,0
DA:176,0
DA:177,0
DA:179,0
DA:180,0
DA:181,0
DA:183,0
DA:184,0
DA:186,0
DA:189,0
DA:190,0
DA:192,0
DA:194,0
DA:195,0
DA:200,0
DA:201,0
DA:202,0
DA:204,0
DA:210,60
DA:211,31
DA:214,0
DA:215,0
DA:216,0
DA:217,0
DA:218,0
DA:222,0
DA:228,60
DA:229,0
DA:230,0
DA:232,0
DA:234,0
DA:235,0
DA:237,0
DA:239,0
DA:240,0
DA:242,0
DA:245,0
DA:246,0
DA:249,0
DA:250,0
DA:253,0
DA:254,0
DA:256,0
DA:260,0
DA:261,0
DA:265,0
DA:266,0
DA:268,0
DA:269,0
DA:272,0
DA:273,0
DA:281,60
DA:282,0
DA:283,0
DA:285,0
DA:290,0
DA:291,0
DA:294,0
DA:295,0
DA:296,0
DA:302,60
DA:303,0
DA:304,0
DA:305,0
DA:310,0
DA:317,0
DA:319,0
DA:320,0
DA:321,0
DA:322,0
DA:325,0
DA:326,0
DA:327,0
DA:328,0
DA:329,0
DA:331,0
DA:332,0
DA:339,60
DA:340,0
DA:341,0
DA:344,0
DA:345,0
DA:348,0
DA:360,0
DA:361,0
DA:364,0
DA:365,0
DA:368,0
DA:371,0
DA:372,0
DA:379,60
DA:381,0
DA:383,0
DA:384,0
DA:386,0
DA:387,0
DA:388,0
DA:389,0
DA:391,0
DA:396,0
DA:397,0
DA:400,0
DA:401,0
DA:404,0
DA:405,0
DA:407,0
DA:408,0
DA:409,0
DA:411,0
DA:412,0
DA:413,0
DA:417,0
DA:418,0
DA:421,0
DA:424,0
DA:425,0
DA:427,0
DA:435,60
DA:436,0
DA:448,60
DA:449,0
DA:451,0
DA:452,0
DA:454,0
DA:455,0
DA:458,0
DA:459,0
DA:462,0
DA:465,0
DA:466,0
DA:470,0
DA:471,0
DA:473,0
DA:474,0
DA:481,60
DA:482,0
DA:485,0
DA:488,0
DA:489,0
DA:496,60
DA:498,0
DA:499,0
DA:503,0
DA:504,0
DA:508,0
DA:509,0
DA:510,0
DA:514,0
DA:515,0
DA:516,0
DA:518,0
DA:519,0
DA:520,0
DA:523,0
DA:524,0
DA:525,0
DA:526,0
DA:527,0
DA:528,0
DA:529,0
DA:532,60
DA:675,0
DA:677,0
DA:679,0
DA:771,0
DA:772,0
DA:773,0
DA:785,0
DA:786,0
LF:255
LH:58
BRDA:5,0,0,2
BRDA:5,0,1,0
BRDA:41,1,0,31
BRDA:41,1,1,0
BRDA:44,2,0,0
BRDA:44,2,1,31
BRDA:47,3,0,0
BRDA:47,3,1,31
BRDA:50,4,0,31
BRDA:50,4,1,0
BRDA:142,5,0,0
BRDA:142,5,1,0
BRDA:168,6,0,0
BRDA:168,6,1,0
BRDA:175,7,0,0
BRDA:175,7,1,0
BRDA:179,8,0,0
BRDA:179,8,1,0
BRDA:189,9,0,0
BRDA:189,9,1,0
BRDA:194,10,0,0
BRDA:194,10,1,0
BRDA:211,11,0,31
BRDA:211,11,1,0
BRDA:211,12,0,31
BRDA:211,12,1,0
BRDA:215,13,0,0
BRDA:215,13,1,0
BRDA:237,14,0,0
BRDA:237,14,1,0
BRDA:237,15,0,0
BRDA:237,15,1,0
BRDA:239,16,0,0
BRDA:239,16,1,0
BRDA:253,17,0,0
BRDA:253,17,1,0
BRDA:272,18,0,0
BRDA:272,18,1,0
BRDA:272,19,0,0
BRDA:272,19,1,0
BRDA:272,19,2,0
BRDA:290,20,0,0
BRDA:290,20,1,0
BRDA:319,21,0,0
BRDA:319,21,1,0
BRDA:345,22,0,0
BRDA:345,22,1,0
BRDA:360,23,0,0
BRDA:360,23,1,0
BRDA:379,24,0,0
BRDA:383,25,0,0
BRDA:383,25,1,0
BRDA:396,26,0,0
BRDA:396,26,1,0
BRDA:435,27,0,0
BRDA:449,28,0,0
BRDA:449,28,1,0
BRDA:488,29,0,0
BRDA:488,29,1,0
BRDA:488,30,0,0
BRDA:488,30,1,0
BRDA:498,31,0,0
BRDA:498,31,1,0
BRDA:503,32,0,0
BRDA:503,32,1,0
BRDA:508,33,0,0
BRDA:508,33,1,0
BRDA:514,34,0,0
BRDA:514,34,1,0
BRDA:518,35,0,0
BRDA:518,35,1,0
BRDA:546,36,0,60
BRDA:546,36,1,58
BRDA:546,36,2,58
BRDA:546,36,3,27
BRDA:548,37,0,27
BRDA:548,37,1,25
BRDA:556,38,0,27
BRDA:556,38,1,2
BRDA:568,39,0,60
BRDA:568,39,1,58
BRDA:568,39,2,58
BRDA:574,40,0,25
BRDA:574,40,1,33
BRDA:580,41,0,31
BRDA:580,41,1,27
BRDA:581,42,0,25
BRDA:581,42,1,2
BRDA:585,43,0,25
BRDA:585,43,1,33
BRDA:587,44,0,2
BRDA:587,44,1,31
BRDA:595,45,0,60
BRDA:595,45,1,58
BRDA:682,46,0,0
BRDA:682,46,1,0
BRDA:686,47,0,0
BRDA:686,47,1,0
BRDA:688,48,0,0
BRDA:688,48,1,0
BRDA:690,49,0,0
BRDA:690,49,1,0
BRDA:696,50,0,0
BRDA:696,50,1,0
BRDA:697,51,0,0
BRDA:697,51,1,0
BRDA:702,52,0,0
BRDA:702,52,1,0
BRDA:709,53,0,0
BRDA:709,53,1,0
BRDA:709,54,0,0
BRDA:709,54,1,0
BRDA:718,55,0,60
BRDA:718,55,1,0
BRDA:749,56,0,60
BRDA:749,56,1,0
BRDA:749,56,2,0
BRDA:752,57,0,0
BRDA:752,57,1,0
BRDA:752,57,2,0
BRDA:771,58,0,0
BRDA:771,58,1,0
BRDA:784,59,0,0
BRDA:784,59,1,0
BRDA:806,60,0,0
BRDA:806,60,1,0
BRDA:813,61,0,0
BRDA:813,61,1,0
BRDA:824,62,0,60
BRDA:824,62,1,2
BRDA:833,63,0,60
BRDA:833,63,1,0
BRF:132
BRH:35
end_of_record
